        -:    0:Source:/home/jag/software/gcc-13.1.0/install/include/c++/13.1.0/format
        -:    0:Graph:.build/src/input/topologyFileReader/CMakeFiles/topologyFileReader.dir/bondSection.cpp.gcno
        -:    0:Data:-
        -:    0:Runs:0
        -:    1:// <format> Formatting -*- C++ -*-
        -:    2:
        -:    3:// Copyright The GNU Toolchain Authors.
        -:    4://
        -:    5:// This file is part of the GNU ISO C++ Library.  This library is free
        -:    6:// software; you can redistribute it and/or modify it under the
        -:    7:// terms of the GNU General Public License as published by the
        -:    8:// Free Software Foundation; either version 3, or (at your option)
        -:    9:// any later version.
        -:   10:
        -:   11:// This library is distributed in the hope that it will be useful,
        -:   12:// but WITHOUT ANY WARRANTY; without even the implied warranty of
        -:   13:// MERCHANTABILITY or FITNESS FOR A PARTICULAR PURPOSE.  See the
        -:   14:// GNU General Public License for more details.
        -:   15:
        -:   16:// Under Section 7 of GPL version 3, you are granted additional
        -:   17:// permissions described in the GCC Runtime Library Exception, version
        -:   18:// 3.1, as published by the Free Software Foundation.
        -:   19:
        -:   20:// You should have received a copy of the GNU General Public License and
        -:   21:// a copy of the GCC Runtime Library Exception along with this program;
        -:   22:// see the files COPYING3 and COPYING.RUNTIME respectively.  If not, see
        -:   23:// <http://www.gnu.org/licenses/>.
        -:   24:
        -:   25:/** @file include/format
        -:   26: *  This is a Standard C++ Library header.
        -:   27: */
        -:   28:
        -:   29:#ifndef _GLIBCXX_FORMAT
        -:   30:#define _GLIBCXX_FORMAT 1
        -:   31:
        -:   32:#pragma GCC system_header
        -:   33:
        -:   34:#include <bits/requires_hosted.h> // for std::string
        -:   35:
        -:   36:#if __cplusplus >= 202002L
        -:   37:
        -:   38:#include <array>
        -:   39:#include <charconv>
        -:   40:#include <concepts>
        -:   41:#include <limits>
        -:   42:#include <locale>
        -:   43:#include <optional>
        -:   44:#include <span>
        -:   45:#include <string_view>
        -:   46:#include <string>
        -:   47:#include <variant>	       // monostate (TODO: move to bits/utility.h?)
        -:   48:#include <bits/ranges_base.h>  // input_range, range_reference_t
        -:   49:#include <bits/ranges_algobase.h> // ranges::copy
        -:   50:#include <bits/stl_iterator.h> // back_insert_iterator
        -:   51:#include <bits/stl_pair.h>     // __is_pair
        -:   52:#include <bits/utility.h>      // tuple_size_v
        -:   53:#include <ext/numeric_traits.h> // __int_traits
        -:   54:
        -:   55:#if !__has_builtin(__builtin_toupper)
        -:   56:# include <cctype>
        -:   57:#endif
        -:   58:
        -:   59:namespace std _GLIBCXX_VISIBILITY(default)
        -:   60:{
        -:   61:_GLIBCXX_BEGIN_NAMESPACE_VERSION
        -:   62:
        -:   63:// 201907 Text Formatting, Integration of chrono, printf corner cases.
        -:   64:// 202106 std::format improvements.
        -:   65:// 202110 Fixing locale handling in chrono formatters, generator-like types.
        -:   66:// 202207 Encodings in localized formatting of chrono, basic-format-string.
        -:   67:#define __cpp_lib_format 202106L
        -:   68:
        -:   69:#if __cplusplus > 202002L
        -:   70:// 202207 P2286R8 Formatting Ranges
        -:   71:// 202207 P2585R1 Improving default container formatting
        -:   72:// TODO: #define __cpp_lib_format_ranges 202207L
        -:   73:#endif
        -:   74:
        -:   75:  // [format.context], class template basic_format_context
        -:   76:  template<typename _Out, typename _CharT> class basic_format_context;
        -:   77:
        -:   78:/// @cond undocumented
        -:   79:namespace __format
        -:   80:{
        -:   81:  // Type-erased character sink.
        -:   82:  template<typename _CharT> struct _Sink;
        -:   83:  // Output iterator that writes to a type-erase character sink.
        -:   84:  template<typename _CharT>
        -:   85:    class _Sink_iter;
        -:   86:} // namespace __format
        -:   87:/// @endcond
        -:   88:
        -:   89:  using format_context
        -:   90:    = basic_format_context<__format::_Sink_iter<char>, char>;
        -:   91:  using wformat_context
        -:   92:    = basic_format_context<__format::_Sink_iter<wchar_t>, wchar_t>;
        -:   93:
        -:   94:  // [format.args], class template basic_format_args
        -:   95:  template<typename _Context> class basic_format_args;
        -:   96:  using format_args = basic_format_args<format_context>;
        -:   97:  using wformat_args = basic_format_args<wformat_context>;
        -:   98:
        -:   99:  // [format.arguments], arguments
        -:  100:  // [format.arg], class template basic_format_arg
        -:  101:  template<typename _Context>
        -:  102:    class basic_format_arg;
        -:  103:
        -:  104:  // [format.fmt.string], class template basic_format_string
        -:  105:
        -:  106:  /** A compile-time checked format string for the specified argument types.
        -:  107:   *
        -:  108:   * @since C++23 but available as an extension in C++20.
        -:  109:   */
        -:  110:  template<typename _CharT, typename... _Args>
        -:  111:    struct basic_format_string
        -:  112:    {
        -:  113:      template<typename _Tp>
        -:  114:	requires convertible_to<const _Tp&, basic_string_view<_CharT>>
        -:  115:	consteval
        -:  116:	basic_format_string(const _Tp& __s);
        -:  117:
        -:  118:      [[__gnu__::__always_inline__]]
        -:  119:      constexpr basic_string_view<_CharT>
        -:  120:      get() const noexcept
    #####:  121:      { return _M_str; }
        -:  122:
        -:  123:    private:
        -:  124:      basic_string_view<_CharT> _M_str;
        -:  125:    };
        -:  126:
        -:  127:  template<typename... _Args>
        -:  128:    using format_string = basic_format_string<char, type_identity_t<_Args>...>;
        -:  129:
        -:  130:  template<typename... _Args>
        -:  131:    using wformat_string
        -:  132:      = basic_format_string<wchar_t, type_identity_t<_Args>...>;
        -:  133:
        -:  134:  // [format.formatter], formatter
        -:  135:
        -:  136:  /// The primary template of std::formatter is disabled.
        -:  137:  template<typename _Tp, typename _CharT = char>
        -:  138:    struct formatter
        -:  139:    {
        -:  140:      formatter() = delete; // No std::formatter specialization for this type.
        -:  141:      formatter(const formatter&) = delete;
        -:  142:      formatter& operator=(const formatter&) = delete;
        -:  143:    };
        -:  144:
        -:  145:  // [format.error], class format_error
        -:  146:  class format_error : public runtime_error
        -:  147:  {
        -:  148:  public:
        -:  149:    explicit format_error(const string& __what) : runtime_error(__what) { }
function std::format_error::format_error(char const*) called 0 returned 0% blocks executed 0%
    #####:  150:    explicit format_error(const char* __what) : runtime_error(__what) { }
    %%%%%:  150-block  0
call    0 never executed
        -:  151:  };
        -:  152:
        -:  153:  /// @cond undocumented
        -:  154:  [[noreturn]]
        -:  155:  inline void
function std::__throw_format_error(char const*) called 0 returned 0% blocks executed 0%
    #####:  156:  __throw_format_error(const char* __what)
    #####:  157:  { _GLIBCXX_THROW_OR_ABORT(format_error(__what)); }
    %%%%%:  157-block  0
call    0 never executed
call    1 never executed
branch  2 never executed (fallthrough)
branch  3 never executed (throw)
    %%%%%:  157-block  1
call    4 never executed
    $$$$$:  157-block  2
call    5 never executed
        -:  158:
        -:  159:namespace __format
        -:  160:{
        -:  161:  // XXX use named functions for each constexpr error?
        -:  162:
        -:  163:  [[noreturn]]
        -:  164:  inline void
function std::__format::__unmatched_left_brace_in_format_string() called 0 returned 0% blocks executed 0%
    #####:  165:  __unmatched_left_brace_in_format_string()
    #####:  166:  { __throw_format_error("format error: unmatched '{' in format string"); }
        -:  167:
        -:  168:  [[noreturn]]
        -:  169:  inline void
function std::__format::__unmatched_right_brace_in_format_string() called 0 returned 0% blocks executed 0%
    #####:  170:  __unmatched_right_brace_in_format_string()
    #####:  171:  { __throw_format_error("format error: unmatched '}' in format string"); }
        -:  172:
        -:  173:  [[noreturn]]
        -:  174:  inline void
function std::__format::__conflicting_indexing_in_format_string() called 0 returned 0% blocks executed 0%
    #####:  175:  __conflicting_indexing_in_format_string()
    #####:  176:  { __throw_format_error("format error: conflicting indexing style in format string"); }
        -:  177:
        -:  178:  [[noreturn]]
        -:  179:  inline void
function std::__format::__invalid_arg_id_in_format_string() called 0 returned 0% blocks executed 0%
    #####:  180:  __invalid_arg_id_in_format_string()
    #####:  181:  { __throw_format_error("format error: invalid arg-id in format string"); }
        -:  182:
        -:  183:  [[noreturn]]
        -:  184:  inline void
function std::__format::__failed_to_parse_format_spec() called 0 returned 0% blocks executed 0%
    #####:  185:  __failed_to_parse_format_spec()
    #####:  186:  { __throw_format_error("format error: failed to parse format-spec"); }
        -:  187:} // namespace __format
        -:  188:/// @endcond
        -:  189:
        -:  190:  // [format.parse.ctx], class template basic_format_parse_context
        -:  191:  template<typename _CharT> class basic_format_parse_context;
        -:  192:  using format_parse_context = basic_format_parse_context<char>;
        -:  193:  using wformat_parse_context = basic_format_parse_context<wchar_t>;
        -:  194:
        -:  195:  template<typename _CharT>
        -:  196:    class basic_format_parse_context
        -:  197:    {
        -:  198:    public:
        -:  199:      using char_type = _CharT;
        -:  200:      using const_iterator = typename basic_string_view<_CharT>::const_iterator;
        -:  201:      using iterator = const_iterator;
        -:  202:
        -:  203:      constexpr explicit
function std::basic_format_parse_context<char>::basic_format_parse_context(std::basic_string_view<char, std::char_traits<char> >, unsigned long) called 0 returned 0% blocks executed 0%
    #####:  204:      basic_format_parse_context(basic_string_view<_CharT> __fmt,
        -:  205:				 size_t __num_args = 0) noexcept
    #####:  206:      : _M_begin(__fmt.begin()), _M_end(__fmt.end()), _M_num_args(__num_args)
    %%%%%:  206-block  0
call    0 never executed
call    1 never executed
    #####:  207:      { }
        -:  208:
        -:  209:      basic_format_parse_context(const basic_format_parse_context&) = delete;
        -:  210:      void operator=(const basic_format_parse_context&) = delete;
        -:  211:
function std::basic_format_parse_context<char>::begin() const called 0 returned 0% blocks executed 0%
    #####:  212:      constexpr const_iterator begin() const noexcept { return _M_begin; }
    %%%%%:  212-block  0
function std::basic_format_parse_context<char>::end() const called 0 returned 0% blocks executed 0%
    #####:  213:      constexpr const_iterator end() const noexcept { return _M_end; }
    %%%%%:  213-block  0
        -:  214:
        -:  215:      constexpr void
function std::basic_format_parse_context<char>::advance_to(char const*) called 0 returned 0% blocks executed 0%
    #####:  216:      advance_to(const_iterator __it) noexcept
    #####:  217:      { _M_begin = __it; }
        -:  218:
        -:  219:      constexpr size_t
function std::basic_format_parse_context<char>::next_arg_id() called 0 returned 0% blocks executed 0%
    #####:  220:      next_arg_id()
        -:  221:      {
    #####:  222:	if (_M_indexing == _Manual)
    %%%%%:  222-block  0
branch  0 never executed (fallthrough)
branch  1 never executed
    #####:  223:	  __format::__conflicting_indexing_in_format_string();
    %%%%%:  223-block  0
call    0 never executed
    #####:  224:	_M_indexing = _Auto;
        -:  225:
        -:  226:	// _GLIBCXX_RESOLVE_LIB_DEFECTS
        -:  227:	// 3825. Missing compile-time argument id check in next_arg_id
    #####:  228:	if (std::is_constant_evaluated())
    %%%%%:  228-block  0
call    0 never executed
branch  1 never executed (fallthrough)
branch  2 never executed
    #####:  229:	  if (_M_next_arg_id == _M_num_args)
    %%%%%:  229-block  0
branch  0 never executed (fallthrough)
branch  1 never executed
    #####:  230:	    __format::__invalid_arg_id_in_format_string();
    %%%%%:  230-block  0
call    0 never executed
    #####:  231:	return _M_next_arg_id++;
    %%%%%:  231-block  0
        -:  232:      }
        -:  233:
        -:  234:      constexpr void
function std::basic_format_parse_context<char>::check_arg_id(unsigned long) called 0 returned 0% blocks executed 0%
    #####:  235:      check_arg_id(size_t __id)
        -:  236:      {
    #####:  237:	if (_M_indexing == _Auto)
    %%%%%:  237-block  0
branch  0 never executed (fallthrough)
branch  1 never executed
    #####:  238:	  __format::__conflicting_indexing_in_format_string();
    %%%%%:  238-block  0
call    0 never executed
    #####:  239:	_M_indexing = _Manual;
        -:  240:
    #####:  241:	if (std::is_constant_evaluated())
    %%%%%:  241-block  0
call    0 never executed
branch  1 never executed (fallthrough)
branch  2 never executed
    #####:  242:	  if (__id >= _M_num_args)
    %%%%%:  242-block  0
branch  0 never executed (fallthrough)
branch  1 never executed
    #####:  243:	    __format::__invalid_arg_id_in_format_string();
    %%%%%:  243-block  0
call    0 never executed
    #####:  244:      }
        -:  245:
        -:  246:    private:
        -:  247:      iterator _M_begin;
        -:  248:      iterator _M_end;
        -:  249:      enum _Indexing { _Unknown, _Manual, _Auto };
        -:  250:      _Indexing _M_indexing = _Unknown;
        -:  251:      size_t _M_next_arg_id = 0;
        -:  252:      size_t _M_num_args;
        -:  253:    };
        -:  254:
        -:  255:/// @cond undocumented
        -:  256:  template<typename _Tp, template<typename...> class _Class>
        -:  257:    static constexpr bool __is_specialization_of = false;
        -:  258:  template<template<typename...> class _Class, typename... _Args>
        -:  259:    static constexpr bool __is_specialization_of<_Class<_Args...>, _Class>
        -:  260:      = true;
        -:  261:
        -:  262:namespace __format
        -:  263:{
        -:  264:  // pre: first != last
        -:  265:  template<typename _CharT>
        -:  266:    constexpr pair<unsigned short, const _CharT*>
function std::pair<unsigned short, char const*> std::__format::__parse_integer<char>(char const*, char const*) called 0 returned 0% blocks executed 0%
    #####:  267:    __parse_integer(const _CharT* __first, const _CharT* __last)
        -:  268:    {
    #####:  269:      if (__first == __last)
    %%%%%:  269-block  0
branch  0 never executed (fallthrough)
branch  1 never executed
    #####:  270:	__builtin_unreachable();
    %%%%%:  270-block  0
call    0 never executed
        -:  271:
        -:  272:      // TODO: use this loop unconditionally?
        -:  273:      // Most integers used for arg-id, width or precision will be small.
    #####:  274:      if (is_constant_evaluated())
    %%%%%:  274-block  0
call    0 never executed
branch  1 never executed (fallthrough)
branch  2 never executed
        -:  275:	{
    #####:  276:	  auto __next = __first;
    #####:  277:	  unsigned short __val = 0;
    #####:  278:	  while (__next != __last && '0' <= *__next && *__next <= '9')
    %%%%%:  278-block  0
    %%%%%:  278-block  1
branch  0 never executed (fallthrough)
branch  1 never executed
    %%%%%:  278-block  2
branch  2 never executed (fallthrough)
branch  3 never executed
    %%%%%:  278-block  3
branch  4 never executed
branch  5 never executed (fallthrough)
        -:  279:	    {
    #####:  280:	      __val = (__val * 10) + (*__next - '0'); // TODO check overflow?
    #####:  281:	      ++__next;
    %%%%%:  281-block  0
        -:  282:	    }
    #####:  283:	  if (__next == __first)
    %%%%%:  283-block  0
branch  0 never executed (fallthrough)
branch  1 never executed
    #####:  284:	    return {0, nullptr};
    %%%%%:  284-block  0
call    0 never executed
    %%%%%:  284-block  1
    #####:  285:	  return {__val, __next};
    %%%%%:  285-block  0
call    0 never executed
    %%%%%:  285-block  1
        -:  286:	}
        -:  287:
    #####:  288:      unsigned short __val = 0;
        -:  289:      if constexpr (is_same_v<_CharT, char>)
        -:  290:	{
    #####:  291:	  auto [ptr, ec] = std::from_chars(__first, __last, __val);
    %%%%%:  291-block  0
call    0 never executed
branch  1 never executed (fallthrough)
branch  2 never executed (throw)
    #####:  292:	  if (ec == errc{})
    %%%%%:  292-block  0
branch  0 never executed (fallthrough)
branch  1 never executed
    #####:  293:	    return {__val, ptr};
    %%%%%:  293-block  0
call    0 never executed
    %%%%%:  293-block  1
    #####:  294:	  return {0, nullptr};
    %%%%%:  294-block  0
call    0 never executed
    %%%%%:  294-block  1
        -:  295:	}
        -:  296:      else
        -:  297:	{
        -:  298:	  constexpr int __n = 32;
        -:  299:	  char __buf[__n]{};
        -:  300:	  for (int __i = 0; __i < __n && __first != __last; ++__i)
        -:  301:	    __buf[__i] = __first[__i];
        -:  302:	  auto [__v, __ptr] = __format::__parse_integer(__buf, __buf + __n);
        -:  303:	  return {__v, __first + (__ptr - __buf)};
        -:  304:	}
        -:  305:    }
        -:  306:
        -:  307:  template<typename _CharT>
        -:  308:    constexpr pair<unsigned short, const _CharT*>
function std::pair<unsigned short, char const*> std::__format::__parse_arg_id<char>(char const*, char const*) called 0 returned 0% blocks executed 0%
    #####:  309:    __parse_arg_id(const _CharT* __first, const _CharT* __last)
        -:  310:    {
    #####:  311:      if (__first == __last)
    %%%%%:  311-block  0
branch  0 never executed (fallthrough)
branch  1 never executed
    #####:  312:	__builtin_unreachable();
    %%%%%:  312-block  0
call    0 never executed
        -:  313:
    #####:  314:      if (*__first == '0')
    %%%%%:  314-block  0
branch  0 never executed (fallthrough)
branch  1 never executed
    #####:  315:	return {0, __first + 1}; // No leading zeros allowed, so '0...' == 0
    %%%%%:  315-block  0
call    0 never executed
    %%%%%:  315-block  1
        -:  316:
    #####:  317:      if ('1' <= *__first && *__first <= '9')
    %%%%%:  317-block  0
branch  0 never executed (fallthrough)
branch  1 never executed
    %%%%%:  317-block  1
branch  2 never executed (fallthrough)
branch  3 never executed
        -:  318:	{
    #####:  319:	  const unsigned short __id = *__first - '0';
    #####:  320:	  const auto __next = __first + 1;
        -:  321:	  // Optimize for most likely case of single digit arg-id.
    #####:  322:	  if (__next == __last || !('0' <= *__next && *__next <= '9'))
    %%%%%:  322-block  0
branch  0 never executed (fallthrough)
branch  1 never executed
    %%%%%:  322-block  1
branch  2 never executed (fallthrough)
branch  3 never executed
    %%%%%:  322-block  2
branch  4 never executed (fallthrough)
branch  5 never executed
    #####:  323:	    return {__id, __next};
    %%%%%:  323-block  0
call    0 never executed
    %%%%%:  323-block  1
        -:  324:	  else
    #####:  325:	    return __format::__parse_integer(__first, __last);
    %%%%%:  325-block  0
call    0 never executed
branch  1 never executed (fallthrough)
branch  2 never executed (throw)
    %%%%%:  325-block  1
        -:  326:	}
    #####:  327:      return {0, nullptr};
    %%%%%:  327-block  0
call    0 never executed
    %%%%%:  327-block  1
        -:  328:    }
        -:  329:
        -:  330:  enum _Pres_type {
        -:  331:    _Pres_none = 0, // Default type (not valid for integer presentation types).
        -:  332:    // Presentation types for integral types (including bool and charT).
        -:  333:    _Pres_d = 1, _Pres_b, _Pres_B, _Pres_o, _Pres_x, _Pres_X, _Pres_c,
        -:  334:    // Presentation types for floating-point types.
        -:  335:    _Pres_a = 1, _Pres_A, _Pres_e, _Pres_E, _Pres_f, _Pres_g, _Pres_G,
        -:  336:    _Pres_p = 0, _Pres_P,   // For pointers.
        -:  337:    _Pres_s = 0,            // For strings and bool.
        -:  338:    _Pres_esc = 0xf,        // For strings and charT.
        -:  339:  };
        -:  340:
        -:  341:  enum _Align {
        -:  342:    _Align_default,
        -:  343:    _Align_left,
        -:  344:    _Align_right,
        -:  345:    _Align_centre,
        -:  346:  };
        -:  347:
        -:  348:  enum _Sign {
        -:  349:    _Sign_default,
        -:  350:    _Sign_plus,
        -:  351:    _Sign_minus,  // XXX does this need to be distinct from _Sign_default?
        -:  352:    _Sign_space,
        -:  353:  };
        -:  354:
        -:  355:  enum _WidthPrec {
        -:  356:    _WP_none,    // No width/prec specified.
        -:  357:    _WP_value,   // Fixed width/prec specified.
        -:  358:    _WP_from_arg // Use a formatting argument for width/prec.
        -:  359:  };
        -:  360:
        -:  361:  template<typename _Context>
        -:  362:    size_t
        -:  363:    __int_from_arg(const basic_format_arg<_Context>& __arg);
        -:  364:
function std::__format::__is_digit(char) called 0 returned 0% blocks executed 0%
    #####:  365:  constexpr bool __is_digit(char __c)
    #####:  366:  { return std::__detail::__from_chars_alnum_to_val(__c) < 10; }
    %%%%%:  366-block  0
call    0 never executed
        -:  367:
function std::__format::__is_xdigit(char) called 0 returned 0% blocks executed 0%
    #####:  368:  constexpr bool __is_xdigit(char __c)
    #####:  369:  { return std::__detail::__from_chars_alnum_to_val(__c) < 16; }
    %%%%%:  369-block  0
call    0 never executed
        -:  370:
        -:  371:  template<typename _CharT>
        -:  372:    struct _Spec
        -:  373:    {
        -:  374:      _Align     _M_align : 2;
        -:  375:      _Sign      _M_sign : 2;
        -:  376:      unsigned   _M_alt : 1;
        -:  377:      unsigned   _M_localized : 1;
        -:  378:      unsigned   _M_zero_fill : 1;
        -:  379:      _WidthPrec _M_width_kind : 2;
        -:  380:      _WidthPrec _M_prec_kind : 2;
        -:  381:      _Pres_type _M_type : 4;
        -:  382:      unsigned short _M_width;
        -:  383:      unsigned short _M_prec;
        -:  384:      _CharT _M_fill = ' ';
        -:  385:
        -:  386:      using iterator = typename basic_string_view<_CharT>::iterator;
        -:  387:
        -:  388:      static constexpr _Align
function std::__format::_Spec<char>::_S_align(char) called 0 returned 0% blocks executed 0%
    #####:  389:      _S_align(_CharT __c) noexcept
        -:  390:      {
    #####:  391:	switch (__c)
    %%%%%:  391-block  0
branch  0 never executed
branch  1 never executed
branch  2 never executed
branch  3 never executed
        -:  392:	{
    #####:  393:	  case '<': return _Align_left;
    %%%%%:  393-block  0
    #####:  394:	  case '>': return _Align_right;
    %%%%%:  394-block  0
    #####:  395:	  case '^': return _Align_centre;
    %%%%%:  395-block  0
    #####:  396:	  default: return _Align_default;
    %%%%%:  396-block  0
        -:  397:	}
        -:  398:      }
        -:  399:
        -:  400:      // pre: __first != __last
        -:  401:      constexpr iterator
function std::__format::_Spec<char>::_M_parse_fill_and_align(char const*, char const*) called 0 returned 0% blocks executed 0%
    #####:  402:      _M_parse_fill_and_align(iterator __first, iterator __last) noexcept
        -:  403:      {
    #####:  404:	if (*__first != '{')
    %%%%%:  404-block  0
branch  0 never executed (fallthrough)
branch  1 never executed
        -:  405:	  {
        -:  406:	    // TODO: accept any UCS scalar value as fill character.
        -:  407:	    // If narrow source encoding is UTF-8 then accept multibyte char.
    #####:  408:	    if (__last - __first >= 2)
    %%%%%:  408-block  0
branch  0 never executed (fallthrough)
branch  1 never executed
        -:  409:	      {
    #####:  410:		if (_Align __align = _S_align(__first[1]))
    %%%%%:  410-block  0
call    0 never executed
branch  1 never executed (fallthrough)
branch  2 never executed
        -:  411:		  {
    #####:  412:		    _M_fill = *__first;
    #####:  413:		    _M_align = __align;
    #####:  414:		    return __first + 2;
    %%%%%:  414-block  0
        -:  415:		  }
        -:  416:	      }
        -:  417:
    #####:  418:	    if (_Align __align = _S_align(__first[0]))
    %%%%%:  418-block  0
call    0 never executed
branch  1 never executed (fallthrough)
branch  2 never executed
        -:  419:	      {
    #####:  420:		_M_fill = ' ';
    #####:  421:		_M_align = __align;
    #####:  422:		return __first + 1;
    %%%%%:  422-block  0
        -:  423:	      }
        -:  424:	  }
    #####:  425:	return __first;
    %%%%%:  425-block  0
        -:  426:      }
        -:  427:
        -:  428:      static constexpr _Sign
function std::__format::_Spec<char>::_S_sign(char) called 0 returned 0% blocks executed 0%
    #####:  429:      _S_sign(_CharT __c) noexcept
        -:  430:      {
    #####:  431:	switch (__c)
    %%%%%:  431-block  0
branch  0 never executed
branch  1 never executed
branch  2 never executed
branch  3 never executed
        -:  432:	{
    #####:  433:	  case '+': return _Sign_plus;
    %%%%%:  433-block  0
    #####:  434:	  case '-': return _Sign_minus;
    %%%%%:  434-block  0
    #####:  435:	  case ' ': return _Sign_space;
    %%%%%:  435-block  0
    #####:  436:	  default:  return _Sign_default;
    %%%%%:  436-block  0
        -:  437:	}
        -:  438:      }
        -:  439:
        -:  440:      // pre: __first != __last
        -:  441:      constexpr iterator
function std::__format::_Spec<char>::_M_parse_sign(char const*, char const*) called 0 returned 0% blocks executed 0%
    #####:  442:      _M_parse_sign(iterator __first, iterator) noexcept
        -:  443:      {
    #####:  444:	if (_Sign __sign = _S_sign(*__first))
    %%%%%:  444-block  0
call    0 never executed
branch  1 never executed (fallthrough)
branch  2 never executed
        -:  445:	  {
    #####:  446:	    _M_sign = __sign;
    #####:  447:	    return __first + 1;
    %%%%%:  447-block  0
        -:  448:	  }
    #####:  449:	return __first;
    %%%%%:  449-block  0
        -:  450:      }
        -:  451:
        -:  452:      // pre: *__first is valid
        -:  453:      constexpr iterator
function std::__format::_Spec<char>::_M_parse_alternate_form(char const*, char const*) called 0 returned 0% blocks executed 0%
    #####:  454:      _M_parse_alternate_form(iterator __first, iterator) noexcept
        -:  455:      {
    #####:  456:	if (*__first == '#')
    %%%%%:  456-block  0
branch  0 never executed (fallthrough)
branch  1 never executed
        -:  457:	  {
    #####:  458:	    _M_alt = true;
    #####:  459:	    ++__first;
    %%%%%:  459-block  0
        -:  460:	  }
    #####:  461:	return __first;
    %%%%%:  461-block  0
        -:  462:      }
        -:  463:
        -:  464:      // pre: __first != __last
        -:  465:      constexpr iterator
function std::__format::_Spec<char>::_M_parse_zero_fill(char const*, char const*) called 0 returned 0% blocks executed 0%
    #####:  466:      _M_parse_zero_fill(iterator __first, iterator /* __last */) noexcept
        -:  467:      {
    #####:  468:	if (*__first == '0')
    %%%%%:  468-block  0
branch  0 never executed (fallthrough)
branch  1 never executed
        -:  469:	  {
    #####:  470:	    _M_zero_fill = true;
    #####:  471:	    ++__first;
    %%%%%:  471-block  0
        -:  472:	  }
    #####:  473:	return __first;
    %%%%%:  473-block  0
        -:  474:      }
        -:  475:
        -:  476:      // pre: __first != __last
        -:  477:      static constexpr iterator
function std::__format::_Spec<char>::_S_parse_width_or_precision(char const*, char const*, unsigned short&, bool&, std::basic_format_parse_context<char>&) called 0 returned 0% blocks executed 0%
    #####:  478:      _S_parse_width_or_precision(iterator __first, iterator __last,
        -:  479:				  unsigned short& __val, bool& __arg_id,
        -:  480:				  basic_format_parse_context<_CharT>& __pc)
        -:  481:      {
    #####:  482:	if (__format::__is_digit(*__first))
    %%%%%:  482-block  0
call    0 never executed
branch  1 never executed (fallthrough)
branch  2 never executed
        -:  483:	  {
    #####:  484:	    auto [__v, __ptr] = __format::__parse_integer(__first, __last);
    %%%%%:  484-block  0
call    0 never executed
branch  1 never executed (fallthrough)
branch  2 never executed (throw)
    %%%%%:  484-block  1
call    3 never executed
call    4 never executed
    #####:  485:	    if (!__ptr)
branch  0 never executed (fallthrough)
branch  1 never executed
    #####:  486:	      __throw_format_error("format error: invalid width or precision "
    %%%%%:  486-block  0
call    0 never executed
        -:  487:				   "in format-spec");
    #####:  488:	    __first = __ptr;
    #####:  489:	    __val = __v;
    %%%%%:  489-block  0
        -:  490:	  }
    #####:  491:	else if (*__first == '{')
    %%%%%:  491-block  0
branch  0 never executed (fallthrough)
branch  1 never executed
        -:  492:	  {
    #####:  493:	    __arg_id = true;
    #####:  494:	    ++__first;
    #####:  495:	    if (__first == __last)
    %%%%%:  495-block  0
branch  0 never executed (fallthrough)
branch  1 never executed
    #####:  496:	      __format::__unmatched_left_brace_in_format_string();
    %%%%%:  496-block  0
call    0 never executed
    #####:  497:	    if (*__first == '}')
    %%%%%:  497-block  0
branch  0 never executed (fallthrough)
branch  1 never executed
    #####:  498:	      __val = __pc.next_arg_id();
    %%%%%:  498-block  0
call    0 never executed
        -:  499:	    else
        -:  500:	      {
    #####:  501:		auto [__v, __ptr] = __format::__parse_arg_id(__first, __last);
    %%%%%:  501-block  0
call    0 never executed
branch  1 never executed (fallthrough)
branch  2 never executed (throw)
    %%%%%:  501-block  1
call    3 never executed
call    4 never executed
    #####:  502:		if (__ptr == nullptr || __ptr == __last || *__ptr != '}')
branch  0 never executed (fallthrough)
branch  1 never executed
    %%%%%:  502-block  0
branch  2 never executed (fallthrough)
branch  3 never executed
    %%%%%:  502-block  1
branch  4 never executed (fallthrough)
branch  5 never executed
    #####:  503:		  __format::__invalid_arg_id_in_format_string();
    %%%%%:  503-block  0
call    0 never executed
    #####:  504:		__first = __ptr;
    #####:  505:		__pc.check_arg_id(__v);
    %%%%%:  505-block  0
call    0 never executed
branch  1 never executed (fallthrough)
branch  2 never executed (throw)
    #####:  506:		__val = __v;
    %%%%%:  506-block  0
        -:  507:	      }
    #####:  508:	    ++__first; // past the '}'
    %%%%%:  508-block  0
        -:  509:	  }
    #####:  510:	return __first;
    %%%%%:  510-block  0
    %%%%%:  510-block  1
        -:  511:      }
        -:  512:
        -:  513:      // pre: __first != __last
        -:  514:      constexpr iterator
function std::__format::_Spec<char>::_M_parse_width(char const*, char const*, std::basic_format_parse_context<char>&) called 0 returned 0% blocks executed 0%
    #####:  515:      _M_parse_width(iterator __first, iterator __last,
        -:  516:		     basic_format_parse_context<_CharT>& __pc)
        -:  517:      {
    #####:  518:	bool __arg_id = false;
    #####:  519:	if (*__first == '0')
    %%%%%:  519-block  0
branch  0 never executed (fallthrough)
branch  1 never executed
    #####:  520:	  __throw_format_error("format error: width must be non-zero in "
    %%%%%:  520-block  0
call    0 never executed
        -:  521:			       "format string");
    #####:  522:	auto __next = _S_parse_width_or_precision(__first, __last, _M_width,
    %%%%%:  522-block  0
call    0 never executed
branch  1 never executed (fallthrough)
branch  2 never executed (throw)
        -:  523:						  __arg_id, __pc);
    #####:  524:	if (__next != __first)
    %%%%%:  524-block  0
branch  0 never executed (fallthrough)
branch  1 never executed
    #####:  525:	  _M_width_kind = __arg_id ? _WP_from_arg : _WP_value;
    %%%%%:  525-block  0
branch  0 never executed (fallthrough)
branch  1 never executed
    %%%%%:  525-block  1
    %%%%%:  525-block  2
    %%%%%:  525-block  3
    #####:  526:	return __next;
    %%%%%:  526-block  0
    %%%%%:  526-block  1
        -:  527:      }
        -:  528:
        -:  529:      // pre: __first != __last
        -:  530:      constexpr iterator
function std::__format::_Spec<char>::_M_parse_precision(char const*, char const*, std::basic_format_parse_context<char>&) called 0 returned 0% blocks executed 0%
    #####:  531:      _M_parse_precision(iterator __first, iterator __last,
        -:  532:			 basic_format_parse_context<_CharT>& __pc)
        -:  533:      {
    #####:  534:	if (__first[0] != '.')
    %%%%%:  534-block  0
branch  0 never executed (fallthrough)
branch  1 never executed
    #####:  535:	  return __first;
    %%%%%:  535-block  0
        -:  536:
    #####:  537:	++__first;
    #####:  538:	bool __arg_id = false;
    #####:  539:	auto __next = _S_parse_width_or_precision(__first, __last, _M_prec,
    %%%%%:  539-block  0
call    0 never executed
branch  1 never executed (fallthrough)
branch  2 never executed (throw)
        -:  540:						  __arg_id, __pc);
    #####:  541:	if (__next == __first)
    %%%%%:  541-block  0
branch  0 never executed (fallthrough)
branch  1 never executed
    #####:  542:	  __throw_format_error("format error: missing precision after '.' in "
    %%%%%:  542-block  0
call    0 never executed
        -:  543:			       "format string");
    #####:  544:	_M_prec_kind = __arg_id ? _WP_from_arg : _WP_value;
    %%%%%:  544-block  0
branch  0 never executed (fallthrough)
branch  1 never executed
    %%%%%:  544-block  1
    %%%%%:  544-block  2
    #####:  545:	return __next;
    %%%%%:  545-block  0
        -:  546:      }
        -:  547:
        -:  548:      // pre: __first != __last
        -:  549:      constexpr iterator
function std::__format::_Spec<char>::_M_parse_locale(char const*, char const*) called 0 returned 0% blocks executed 0%
    #####:  550:      _M_parse_locale(iterator __first, iterator /* __last */) noexcept
        -:  551:      {
    #####:  552:	if (*__first == 'L')
    %%%%%:  552-block  0
branch  0 never executed (fallthrough)
branch  1 never executed
        -:  553:	  {
    #####:  554:	    _M_localized = true;
    #####:  555:	    ++__first;
    %%%%%:  555-block  0
        -:  556:	  }
    #####:  557:	return __first;
    %%%%%:  557-block  0
        -:  558:      }
        -:  559:
        -:  560:      template<typename _Context>
        -:  561:	size_t
function unsigned long std::__format::_Spec<char>::_M_get_width<std::basic_format_context<std::__format::_Sink_iter<char>, char> >(std::basic_format_context<std::__format::_Sink_iter<char>, char>&) const called 0 returned 0% blocks executed 0%
    #####:  562:	_M_get_width(_Context& __ctx) const
        -:  563:	{
    #####:  564:	  size_t __width = 0;
    #####:  565:	  if (_M_width_kind == _WP_value)
    %%%%%:  565-block  0
branch  0 never executed (fallthrough)
branch  1 never executed
    #####:  566:	    __width = _M_width;
    %%%%%:  566-block  0
    #####:  567:	  else if (_M_width_kind == _WP_from_arg)
    %%%%%:  567-block  0
branch  0 never executed (fallthrough)
branch  1 never executed
    #####:  568:	    __width = __format::__int_from_arg(__ctx.arg(_M_width));
    %%%%%:  568-block  0
call    0 never executed
call    1 never executed
branch  2 never executed (fallthrough)
branch  3 never executed (throw)
    %%%%%:  568-block  1
    #####:  569:	  return __width;
    %%%%%:  569-block  0
    %%%%%:  569-block  1
        -:  570:	}
        -:  571:
        -:  572:      template<typename _Context>
        -:  573:	size_t
function unsigned long std::__format::_Spec<char>::_M_get_precision<std::basic_format_context<std::__format::_Sink_iter<char>, char> >(std::basic_format_context<std::__format::_Sink_iter<char>, char>&) const called 0 returned 0% blocks executed 0%
    #####:  574:	_M_get_precision(_Context& __ctx) const
        -:  575:	{
    #####:  576:	  size_t __prec = -1;
    #####:  577:	  if (_M_prec_kind == _WP_value)
    %%%%%:  577-block  0
branch  0 never executed (fallthrough)
branch  1 never executed
    #####:  578:	    __prec = _M_prec;
    %%%%%:  578-block  0
    #####:  579:	  else if (_M_prec_kind == _WP_from_arg)
    %%%%%:  579-block  0
branch  0 never executed (fallthrough)
branch  1 never executed
    #####:  580:	    __prec = __format::__int_from_arg(__ctx.arg(_M_prec));
    %%%%%:  580-block  0
call    0 never executed
call    1 never executed
branch  2 never executed (fallthrough)
branch  3 never executed (throw)
    %%%%%:  580-block  1
    #####:  581:	  return __prec;
    %%%%%:  581-block  0
    %%%%%:  581-block  1
        -:  582:	}
        -:  583:    };
        -:  584:
        -:  585:  template<typename _Int>
        -:  586:    inline char*
    #####:  587:    __put_sign(_Int __i, _Sign __sign, char* __dest) noexcept
        -:  588:    {
    #####:  589:      if (__i < 0)
    #####:  590:	*__dest = '-';
    #####:  591:      else if (__sign == _Sign_plus)
    #####:  592:	*__dest = '+';
    #####:  593:      else if (__sign == _Sign_space)
    #####:  594:	*__dest = ' ';
        -:  595:      else
    #####:  596:	++__dest;
    #####:  597:      return __dest;
        -:  598:    }
------------------
char* std::__format::__put_sign<unsigned char>(unsigned char, std::__format::_Sign, char*):
function char* std::__format::__put_sign<unsigned char>(unsigned char, std::__format::_Sign, char*) called 0 returned 0% blocks executed 0%
    #####:  587:    __put_sign(_Int __i, _Sign __sign, char* __dest) noexcept
    %%%%%:  587-block  0
        -:  588:    {
        -:  589:      if (__i < 0)
        -:  590:	*__dest = '-';
    #####:  591:      else if (__sign == _Sign_plus)
    %%%%%:  591-block  0
branch  0 never executed (fallthrough)
branch  1 never executed
    #####:  592:	*__dest = '+';
    %%%%%:  592-block  0
    #####:  593:      else if (__sign == _Sign_space)
    %%%%%:  593-block  0
branch  0 never executed (fallthrough)
branch  1 never executed
    #####:  594:	*__dest = ' ';
    %%%%%:  594-block  0
        -:  595:      else
    #####:  596:	++__dest;
    %%%%%:  596-block  0
    #####:  597:      return __dest;
    %%%%%:  597-block  0
        -:  598:    }
------------------
char* std::__format::__put_sign<char>(char, std::__format::_Sign, char*):
function char* std::__format::__put_sign<char>(char, std::__format::_Sign, char*) called 0 returned 0% blocks executed 0%
    #####:  587:    __put_sign(_Int __i, _Sign __sign, char* __dest) noexcept
        -:  588:    {
    #####:  589:      if (__i < 0)
    %%%%%:  589-block  0
branch  0 never executed (fallthrough)
branch  1 never executed
    #####:  590:	*__dest = '-';
    %%%%%:  590-block  0
    #####:  591:      else if (__sign == _Sign_plus)
    %%%%%:  591-block  0
branch  0 never executed (fallthrough)
branch  1 never executed
    #####:  592:	*__dest = '+';
    %%%%%:  592-block  0
    #####:  593:      else if (__sign == _Sign_space)
    %%%%%:  593-block  0
branch  0 never executed (fallthrough)
branch  1 never executed
    #####:  594:	*__dest = ' ';
    %%%%%:  594-block  0
        -:  595:      else
    #####:  596:	++__dest;
    %%%%%:  596-block  0
    #####:  597:      return __dest;
    %%%%%:  597-block  0
        -:  598:    }
------------------
char* std::__format::__put_sign<unsigned __int128>(unsigned __int128, std::__format::_Sign, char*):
function char* std::__format::__put_sign<unsigned __int128>(unsigned __int128, std::__format::_Sign, char*) called 0 returned 0% blocks executed 0%
    #####:  587:    __put_sign(_Int __i, _Sign __sign, char* __dest) noexcept
    %%%%%:  587-block  0
        -:  588:    {
        -:  589:      if (__i < 0)
        -:  590:	*__dest = '-';
    #####:  591:      else if (__sign == _Sign_plus)
    %%%%%:  591-block  0
branch  0 never executed (fallthrough)
branch  1 never executed
    #####:  592:	*__dest = '+';
    %%%%%:  592-block  0
    #####:  593:      else if (__sign == _Sign_space)
    %%%%%:  593-block  0
branch  0 never executed (fallthrough)
branch  1 never executed
    #####:  594:	*__dest = ' ';
    %%%%%:  594-block  0
        -:  595:      else
    #####:  596:	++__dest;
    %%%%%:  596-block  0
    #####:  597:      return __dest;
    %%%%%:  597-block  0
        -:  598:    }
------------------
char* std::__format::__put_sign<__int128>(__int128, std::__format::_Sign, char*):
function char* std::__format::__put_sign<__int128>(__int128, std::__format::_Sign, char*) called 0 returned 0% blocks executed 0%
    #####:  587:    __put_sign(_Int __i, _Sign __sign, char* __dest) noexcept
        -:  588:    {
    #####:  589:      if (__i < 0)
    %%%%%:  589-block  0
branch  0 never executed (fallthrough)
branch  1 never executed
    #####:  590:	*__dest = '-';
    %%%%%:  590-block  0
    #####:  591:      else if (__sign == _Sign_plus)
    %%%%%:  591-block  0
branch  0 never executed (fallthrough)
branch  1 never executed
    #####:  592:	*__dest = '+';
    %%%%%:  592-block  0
    #####:  593:      else if (__sign == _Sign_space)
    %%%%%:  593-block  0
branch  0 never executed (fallthrough)
branch  1 never executed
    #####:  594:	*__dest = ' ';
    %%%%%:  594-block  0
        -:  595:      else
    #####:  596:	++__dest;
    %%%%%:  596-block  0
    #####:  597:      return __dest;
    %%%%%:  597-block  0
        -:  598:    }
------------------
char* std::__format::__put_sign<unsigned long long>(unsigned long long, std::__format::_Sign, char*):
function char* std::__format::__put_sign<unsigned long long>(unsigned long long, std::__format::_Sign, char*) called 0 returned 0% blocks executed 0%
    #####:  587:    __put_sign(_Int __i, _Sign __sign, char* __dest) noexcept
    %%%%%:  587-block  0
        -:  588:    {
        -:  589:      if (__i < 0)
        -:  590:	*__dest = '-';
    #####:  591:      else if (__sign == _Sign_plus)
    %%%%%:  591-block  0
branch  0 never executed (fallthrough)
branch  1 never executed
    #####:  592:	*__dest = '+';
    %%%%%:  592-block  0
    #####:  593:      else if (__sign == _Sign_space)
    %%%%%:  593-block  0
branch  0 never executed (fallthrough)
branch  1 never executed
    #####:  594:	*__dest = ' ';
    %%%%%:  594-block  0
        -:  595:      else
    #####:  596:	++__dest;
    %%%%%:  596-block  0
    #####:  597:      return __dest;
    %%%%%:  597-block  0
        -:  598:    }
------------------
char* std::__format::__put_sign<long long>(long long, std::__format::_Sign, char*):
function char* std::__format::__put_sign<long long>(long long, std::__format::_Sign, char*) called 0 returned 0% blocks executed 0%
    #####:  587:    __put_sign(_Int __i, _Sign __sign, char* __dest) noexcept
        -:  588:    {
    #####:  589:      if (__i < 0)
    %%%%%:  589-block  0
branch  0 never executed (fallthrough)
branch  1 never executed
    #####:  590:	*__dest = '-';
    %%%%%:  590-block  0
    #####:  591:      else if (__sign == _Sign_plus)
    %%%%%:  591-block  0
branch  0 never executed (fallthrough)
branch  1 never executed
    #####:  592:	*__dest = '+';
    %%%%%:  592-block  0
    #####:  593:      else if (__sign == _Sign_space)
    %%%%%:  593-block  0
branch  0 never executed (fallthrough)
branch  1 never executed
    #####:  594:	*__dest = ' ';
    %%%%%:  594-block  0
        -:  595:      else
    #####:  596:	++__dest;
    %%%%%:  596-block  0
    #####:  597:      return __dest;
    %%%%%:  597-block  0
        -:  598:    }
------------------
char* std::__format::__put_sign<unsigned int>(unsigned int, std::__format::_Sign, char*):
function char* std::__format::__put_sign<unsigned int>(unsigned int, std::__format::_Sign, char*) called 0 returned 0% blocks executed 0%
    #####:  587:    __put_sign(_Int __i, _Sign __sign, char* __dest) noexcept
    %%%%%:  587-block  0
        -:  588:    {
        -:  589:      if (__i < 0)
        -:  590:	*__dest = '-';
    #####:  591:      else if (__sign == _Sign_plus)
    %%%%%:  591-block  0
branch  0 never executed (fallthrough)
branch  1 never executed
    #####:  592:	*__dest = '+';
    %%%%%:  592-block  0
    #####:  593:      else if (__sign == _Sign_space)
    %%%%%:  593-block  0
branch  0 never executed (fallthrough)
branch  1 never executed
    #####:  594:	*__dest = ' ';
    %%%%%:  594-block  0
        -:  595:      else
    #####:  596:	++__dest;
    %%%%%:  596-block  0
    #####:  597:      return __dest;
    %%%%%:  597-block  0
        -:  598:    }
------------------
char* std::__format::__put_sign<int>(int, std::__format::_Sign, char*):
function char* std::__format::__put_sign<int>(int, std::__format::_Sign, char*) called 0 returned 0% blocks executed 0%
    #####:  587:    __put_sign(_Int __i, _Sign __sign, char* __dest) noexcept
        -:  588:    {
    #####:  589:      if (__i < 0)
    %%%%%:  589-block  0
branch  0 never executed (fallthrough)
branch  1 never executed
    #####:  590:	*__dest = '-';
    %%%%%:  590-block  0
    #####:  591:      else if (__sign == _Sign_plus)
    %%%%%:  591-block  0
branch  0 never executed (fallthrough)
branch  1 never executed
    #####:  592:	*__dest = '+';
    %%%%%:  592-block  0
    #####:  593:      else if (__sign == _Sign_space)
    %%%%%:  593-block  0
branch  0 never executed (fallthrough)
branch  1 never executed
    #####:  594:	*__dest = ' ';
    %%%%%:  594-block  0
        -:  595:      else
    #####:  596:	++__dest;
    %%%%%:  596-block  0
    #####:  597:      return __dest;
    %%%%%:  597-block  0
        -:  598:    }
------------------
        -:  599:
        -:  600:  // Write STR to OUT (and do so efficiently if OUT is a _Sink_iter).
        -:  601:  template<typename _Out, typename _CharT>
        -:  602:    requires output_iterator<_Out, const _CharT&>
        -:  603:    inline _Out
function std::__format::_Sink_iter<char> std::__format::__write<std::__format::_Sink_iter<char>, char>(std::__format::_Sink_iter<char>, std::basic_string_view<char, std::char_traits<char> >) called 0 returned 0% blocks executed 0%
    #####:  604:    __write(_Out __out, basic_string_view<_CharT> __str)
        -:  605:    {
        -:  606:      if constexpr (is_same_v<_Out, _Sink_iter<_CharT>>)
        -:  607:	{
    #####:  608:	  if (__str.size())
    %%%%%:  608-block  0
call    0 never executed
branch  1 never executed (fallthrough)
branch  2 never executed
    #####:  609:	    __out = __str;
    %%%%%:  609-block  0
        -:  610:	}
        -:  611:      else
        -:  612:	for (_CharT __c : __str)
        -:  613:	  *__out++ = __c;
    #####:  614:      return __out;
    %%%%%:  614-block  0
        -:  615:    }
        -:  616:
        -:  617:  // Write STR to OUT with NFILL copies of FILL_CHAR specified by ALIGN.
        -:  618:  // pre: __align != _Align_default
        -:  619:  template<typename _Out, typename _CharT>
        -:  620:    _Out
function std::__format::_Sink_iter<char> std::__format::__write_padded<std::__format::_Sink_iter<char>, char>(std::__format::_Sink_iter<char>, std::basic_string_view<char, std::char_traits<char> >, std::__format::_Align, unsigned long, char) called 0 returned 0% blocks executed 0%
    #####:  621:    __write_padded(_Out __out, basic_string_view<_CharT> __str,
        -:  622:		   _Align __align, size_t __nfill, _CharT __fill_char)
        -:  623:    {
    #####:  624:      const size_t __buflen = 0x20;
        -:  625:      _CharT __padding_chars[__buflen];
    #####:  626:      basic_string_view<_CharT> __padding{__padding_chars, __buflen};
    %%%%%:  626-block  0
call    0 never executed
        -:  627:
function std::__format::__write_padded<std::__format::_Sink_iter<char>, char>(std::__format::_Sink_iter<char>, std::basic_string_view<char, std::char_traits<char> >, std::__format::_Align, unsigned long, char)::{lambda(unsigned long, std::__format::_Sink_iter<char>&)#1}::operator()(unsigned long, std::__format::_Sink_iter<char>&) const called 0 returned 0% blocks executed 0%
    #####:  628:      auto __pad = [&__padding] (size_t __n, _Out& __o) {
    #####:  629:	if (__n == 0)
    %%%%%:  629-block  0
branch  0 never executed (fallthrough)
branch  1 never executed
    #####:  630:	  return;
    %%%%%:  630-block  0
    #####:  631:	while (__n > __padding.size())
    %%%%%:  631-block  0
    %%%%%:  631-block  1
call    0 never executed
branch  1 never executed
branch  2 never executed (fallthrough)
        -:  632:	  {
    #####:  633:	    __o = __format::__write(std::move(__o), __padding);
    %%%%%:  633-block  0
call    0 never executed
call    1 never executed
    #####:  634:	    __n -= __padding.size();
call    0 never executed
        -:  635:	  }
    #####:  636:	if (__n != 0)
    %%%%%:  636-block  0
branch  0 never executed (fallthrough)
branch  1 never executed
    #####:  637:	  __o = __format::__write(std::move(__o), __padding.substr(0, __n));
    %%%%%:  637-block  0
call    0 never executed
call    1 never executed
call    2 never executed
        -:  638:      };
        -:  639:
        -:  640:      size_t __l, __r, __max;
    #####:  641:      if (__align == _Align_centre)
branch  0 never executed (fallthrough)
branch  1 never executed
        -:  642:	{
    #####:  643:	  __l = __nfill / 2;
    #####:  644:	  __r = __l + (__nfill & 1);
    #####:  645:	  __max = __r;
    %%%%%:  645-block  0
        -:  646:	}
    #####:  647:      else if (__align == _Align_right)
    %%%%%:  647-block  0
branch  0 never executed (fallthrough)
branch  1 never executed
        -:  648:	{
    #####:  649:	  __l = __nfill;
    #####:  650:	  __r = 0;
    #####:  651:	  __max = __l;
    %%%%%:  651-block  0
        -:  652:	}
        -:  653:      else
        -:  654:	{
    #####:  655:	  __l = 0;
    #####:  656:	  __r = __nfill;
    #####:  657:	  __max = __r;
    %%%%%:  657-block  0
        -:  658:	}
    #####:  659:      if (__max < __buflen)
    %%%%%:  659-block  0
branch  0 never executed (fallthrough)
branch  1 never executed
    #####:  660:	__padding.remove_suffix(__buflen - __max);
    %%%%%:  660-block  0
call    0 never executed
        -:  661:      else
    #####:  662:	__max = __buflen;
    %%%%%:  662-block  0
    #####:  663:      char_traits<_CharT>::assign(__padding_chars, __max, __fill_char);
    %%%%%:  663-block  0
call    0 never executed
branch  1 never executed (fallthrough)
branch  2 never executed (throw)
        -:  664:
    #####:  665:      __pad(__l, __out);
    %%%%%:  665-block  0
call    0 never executed
branch  1 never executed (fallthrough)
branch  2 never executed (throw)
    #####:  666:      __out = __format::__write(std::move(__out), __str);
    %%%%%:  666-block  0
call    0 never executed
call    1 never executed
branch  2 never executed (fallthrough)
branch  3 never executed (throw)
    #####:  667:      __pad(__r, __out);
    %%%%%:  667-block  0
call    0 never executed
branch  1 never executed (fallthrough)
branch  2 never executed (throw)
        -:  668:
    #####:  669:      return __out;
    %%%%%:  669-block  0
    %%%%%:  669-block  1
        -:  670:    }
        -:  671:
        -:  672:  // Write STR to OUT, with alignment and padding as determined by SPEC.
        -:  673:  // pre: __spec._M_align != _Align_default || __align != _Align_default
        -:  674:  template<typename _CharT, typename _Out>
        -:  675:    _Out
function std::__format::_Sink_iter<char> std::__format::__write_padded_as_spec<char, std::__format::_Sink_iter<char> >(std::basic_string_view<std::type_identity<char>::type, std::char_traits<std::type_identity<char>::type> >, unsigned long, std::basic_format_context<std::__format::_Sink_iter<char>, char>&, std::__format::_Spec<char> const&, std::__format::_Align) called 0 returned 0% blocks executed 0%
    #####:  676:    __write_padded_as_spec(basic_string_view<type_identity_t<_CharT>> __str,
        -:  677:			   size_t __estimated_width,
        -:  678:			   basic_format_context<_Out, _CharT>& __fc,
        -:  679:			   const _Spec<_CharT>& __spec,
        -:  680:			   _Align __align = _Align_left)
        -:  681:    {
    #####:  682:      size_t __width = __spec._M_get_width(__fc);
    %%%%%:  682-block  0
call    0 never executed
        -:  683:
    #####:  684:      if (__width <= __estimated_width)
branch  0 never executed (fallthrough)
branch  1 never executed
    #####:  685:	return __format::__write(__fc.out(), __str);
    %%%%%:  685-block  0
call    0 never executed
call    1 never executed
        -:  686:
    #####:  687:      const size_t __nfill = __width - __estimated_width;
        -:  688:
    #####:  689:      if (__spec._M_align)
    %%%%%:  689-block  0
branch  0 never executed (fallthrough)
branch  1 never executed
    #####:  690:	__align = __spec._M_align;
    %%%%%:  690-block  0
        -:  691:
    #####:  692:      return __format::__write_padded(__fc.out(), __str, __align, __nfill,
call    0 never executed
    #####:  693:				      __spec._M_fill);
    %%%%%:  693-block  0
call    0 never executed
        -:  694:    }
        -:  695:
        -:  696:  // A lightweight optional<locale>.
        -:  697:  struct _Optional_locale
        -:  698:  {
        -:  699:    [[__gnu__::__always_inline__]]
    #####:  700:    _Optional_locale() : _M_dummy(), _M_hasval(false) { }
    %%%%%:  700-block  0
    %%%%%:  700-block  1
    %%%%%:  700-block  2
    %%%%%:  700-block  3
        -:  701:
function std::__format::_Optional_locale::_Optional_locale(std::locale const&) called 0 returned 0% blocks executed 0%
    #####:  702:    _Optional_locale(const locale& __loc) noexcept
    #####:  703:    : _M_loc(__loc), _M_hasval(true)
    %%%%%:  703-block  0
call    0 never executed
    #####:  704:    { }
        -:  705:
        -:  706:    _Optional_locale(const _Optional_locale& __l) noexcept
        -:  707:    : _M_dummy(), _M_hasval(__l._M_hasval)
        -:  708:    {
        -:  709:      if (_M_hasval)
        -:  710:	std::construct_at(&_M_loc, __l._M_loc);
        -:  711:    }
        -:  712:
        -:  713:    _Optional_locale&
        -:  714:    operator=(const _Optional_locale& __l) noexcept
        -:  715:    {
        -:  716:      if (_M_hasval)
        -:  717:	{
        -:  718:	  if (__l._M_hasval)
        -:  719:	    _M_loc = __l._M_loc;
        -:  720:	  else
        -:  721:	    {
        -:  722:	      _M_loc.~locale();
        -:  723:	      _M_hasval = false;
        -:  724:	    }
        -:  725:	}
        -:  726:      else if (__l._M_hasval)
        -:  727:	{
        -:  728:	  std::construct_at(&_M_loc, __l._M_loc);
        -:  729:	  _M_hasval = true;
        -:  730:	}
        -:  731:      return *this;
        -:  732:    }
        -:  733:
function std::__format::_Optional_locale::~_Optional_locale() called 0 returned 0% blocks executed 0%
    #####:  734:    ~_Optional_locale() { if (_M_hasval) _M_loc.~locale(); }
    %%%%%:  734-block  0
branch  0 never executed (fallthrough)
branch  1 never executed
    %%%%%:  734-block  1
call    2 never executed
        -:  735:
        -:  736:    _Optional_locale&
function std::__format::_Optional_locale::operator=(std::locale&&) called 0 returned 0% blocks executed 0%
    #####:  737:    operator=(locale&& __loc) noexcept
        -:  738:    {
    #####:  739:      if (_M_hasval)
    %%%%%:  739-block  0
branch  0 never executed (fallthrough)
branch  1 never executed
    #####:  740:	_M_loc = std::move(__loc);
    %%%%%:  740-block  0
call    0 never executed
call    1 never executed
        -:  741:      else
        -:  742:	{
    #####:  743:	  std::construct_at(&_M_loc, std::move(__loc));
    %%%%%:  743-block  0
call    0 never executed
call    1 never executed
    #####:  744:	  _M_hasval = true;
        -:  745:	}
    #####:  746:      return *this;
    %%%%%:  746-block  0
        -:  747:    }
        -:  748:
        -:  749:    const locale&
function std::__format::_Optional_locale::value() called 0 returned 0% blocks executed 0%
    #####:  750:    value() noexcept
        -:  751:    {
    #####:  752:      if (!_M_hasval)
    %%%%%:  752-block  0
branch  0 never executed (fallthrough)
branch  1 never executed
        -:  753:	{
    #####:  754:	  std::construct_at(&_M_loc);
    %%%%%:  754-block  0
call    0 never executed
    #####:  755:	  _M_hasval = true;
        -:  756:	}
    #####:  757:      return _M_loc;
    %%%%%:  757-block  0
        -:  758:    }
        -:  759:
        -:  760:    bool has_value() const noexcept { return _M_hasval; }
        -:  761:
        -:  762:    union {
        -:  763:      char _M_dummy = '\0';
        -:  764:      std::locale _M_loc;
        -:  765:    };
        -:  766:    bool _M_hasval = false;
        -:  767:  };
        -:  768:
        -:  769:  template<typename _CharT>
        -:  770:    concept __char = same_as<_CharT, char> || same_as<_CharT, wchar_t>;
        -:  771:
        -:  772:  template<__char _CharT>
        -:  773:    struct __formatter_str
        -:  774:    {
        -:  775:      constexpr typename basic_format_parse_context<_CharT>::iterator
function std::__format::__formatter_str<char>::parse(std::basic_format_parse_context<char>&) called 0 returned 0% blocks executed 0%
    #####:  776:      parse(basic_format_parse_context<_CharT>& __pc)
        -:  777:      {
    #####:  778:	auto __first = __pc.begin();
    %%%%%:  778-block  0
call    0 never executed
    #####:  779:	const auto __last = __pc.end();
call    0 never executed
    #####:  780:	_Spec<_CharT> __spec{};
        -:  781:
function std::__format::__formatter_str<char>::parse(std::basic_format_parse_context<char>&)::{lambda()#1}::operator()() const called 0 returned 0% blocks executed 0%
    #####:  782:	auto __finalize = [this, &__spec] {
    #####:  783:	  _M_spec = __spec;
        -:  784:	};
        -:  785:
function std::__format::__formatter_str<char>::parse(std::basic_format_parse_context<char>&)::{lambda()#2}::operator()() const called 0 returned 0% blocks executed 0%
    #####:  786:	auto __finished = [&] {
    #####:  787:	  if (__first == __last || *__first == '}')
    %%%%%:  787-block  0
branch  0 never executed (fallthrough)
branch  1 never executed
    %%%%%:  787-block  1
branch  2 never executed (fallthrough)
branch  3 never executed
        -:  788:	    {
    #####:  789:	      __finalize();
    %%%%%:  789-block  0
call    0 never executed
    #####:  790:	      return true;
        -:  791:	    }
    #####:  792:	  return false;
    %%%%%:  792-block  0
        -:  793:	};
        -:  794:
    #####:  795:	if (__finished())
call    0 never executed
branch  1 never executed (fallthrough)
branch  2 never executed
    #####:  796:	  return __first;
    %%%%%:  796-block  0
        -:  797:
    #####:  798:	__first = __spec._M_parse_fill_and_align(__first, __last);
    %%%%%:  798-block  0
call    0 never executed
    #####:  799:	if (__finished())
call    0 never executed
branch  1 never executed (fallthrough)
branch  2 never executed
    #####:  800:	  return __first;
    %%%%%:  800-block  0
        -:  801:
    #####:  802:	__first = __spec._M_parse_width(__first, __last, __pc);
    %%%%%:  802-block  0
call    0 never executed
branch  1 never executed (fallthrough)
branch  2 never executed (throw)
    #####:  803:	if (__finished())
    %%%%%:  803-block  0
call    0 never executed
branch  1 never executed (fallthrough)
branch  2 never executed
    #####:  804:	  return __first;
    %%%%%:  804-block  0
        -:  805:
    #####:  806:	__first = __spec._M_parse_precision(__first, __last, __pc);
    %%%%%:  806-block  0
call    0 never executed
branch  1 never executed (fallthrough)
branch  2 never executed (throw)
    #####:  807:	if (__finished())
    %%%%%:  807-block  0
call    0 never executed
branch  1 never executed (fallthrough)
branch  2 never executed
    #####:  808:	  return __first;
    %%%%%:  808-block  0
        -:  809:
    #####:  810:	if (*__first == 's')
    %%%%%:  810-block  0
branch  0 never executed (fallthrough)
branch  1 never executed
    #####:  811:	  ++__first;
    %%%%%:  811-block  0
        -:  812:#if __cpp_lib_format_ranges
        -:  813:	else if (*__first == '?')
        -:  814:	  {
        -:  815:	    __spec._M_type = _Pres_esc;
        -:  816:	    ++__first;
        -:  817:	  }
        -:  818:#endif
        -:  819:
    #####:  820:	if (__finished())
    %%%%%:  820-block  0
call    0 never executed
branch  1 never executed (fallthrough)
branch  2 never executed
    #####:  821:	  return __first;
    %%%%%:  821-block  0
        -:  822:
    #####:  823:	__format::__failed_to_parse_format_spec();
    %%%%%:  823-block  0
call    0 never executed
        -:  824:      }
        -:  825:
        -:  826:      template<typename _Out>
        -:  827:	_Out
function std::__format::_Sink_iter<char> std::__format::__formatter_str<char>::format<std::__format::_Sink_iter<char> >(std::basic_string_view<char, std::char_traits<char> >, std::basic_format_context<std::__format::_Sink_iter<char>, char>&) const called 0 returned 0% blocks executed 0%
    #####:  828:	format(basic_string_view<_CharT> __s,
        -:  829:	       basic_format_context<_Out, _CharT>& __fc) const
        -:  830:	{
    #####:  831:	  if (_M_spec._M_type == _Pres_esc)
    %%%%%:  831-block  0
        -:  832:	    {
        -:  833:	      // TODO: C++20 escaped string presentation
        -:  834:	    }
        -:  835:
    #####:  836:	  if (_M_spec._M_width_kind == _WP_none
    %%%%%:  836-block  0
branch  0 never executed (fallthrough)
branch  1 never executed
    #####:  837:		&& _M_spec._M_prec_kind == _WP_none)
    %%%%%:  837-block  0
branch  0 never executed (fallthrough)
branch  1 never executed
    #####:  838:	    return __format::__write(__fc.out(), __s);
    %%%%%:  838-block  0
call    0 never executed
call    1 never executed
        -:  839:
    #####:  840:	  size_t __estimated_width = __s.size(); // TODO: Unicode-aware estim.
    %%%%%:  840-block  0
call    0 never executed
        -:  841:
    #####:  842:	  if (_M_spec._M_prec_kind != _WP_none)
branch  0 never executed (fallthrough)
branch  1 never executed
        -:  843:	    {
    #####:  844:	      size_t __prec = _M_spec._M_get_precision(__fc);
    %%%%%:  844-block  0
call    0 never executed
    #####:  845:	      if (__estimated_width > __prec)
branch  0 never executed (fallthrough)
branch  1 never executed
        -:  846:		{
    #####:  847:		  __s = __s.substr(0, __prec); // TODO: do not split code points
    %%%%%:  847-block  0
call    0 never executed
    #####:  848:		  __estimated_width = __prec;
        -:  849:		}
        -:  850:	    }
        -:  851:
    #####:  852:	  return __format::__write_padded_as_spec(__s, __estimated_width,
    #####:  853:						  __fc, _M_spec);
    %%%%%:  853-block  0
call    0 never executed
        -:  854:	}
        -:  855:
        -:  856:#if __cpp_lib_format_ranges
        -:  857:      constexpr void
        -:  858:      set_debug_format() noexcept
        -:  859:      { _M_spec._M_type = _Pres_esc; }
        -:  860:#endif
        -:  861:
        -:  862:    private:
        -:  863:      _Spec<_CharT> _M_spec{};
        -:  864:    };
        -:  865:
        -:  866:  template<__char _CharT>
        -:  867:    struct __formatter_int
        -:  868:    {
        -:  869:      // If no presentation type is specified, meaning of "none" depends
        -:  870:      // whether we are formatting an integer or a char or a bool.
        -:  871:      static constexpr _Pres_type _AsInteger = _Pres_d;
        -:  872:      static constexpr _Pres_type _AsBool = _Pres_s;
        -:  873:      static constexpr _Pres_type _AsChar = _Pres_c;
        -:  874:
        -:  875:      constexpr typename basic_format_parse_context<_CharT>::iterator
function std::__format::__formatter_int<char>::_M_do_parse(std::basic_format_parse_context<char>&, std::__format::_Pres_type) called 0 returned 0% blocks executed 0%
    #####:  876:      _M_do_parse(basic_format_parse_context<_CharT>& __pc, _Pres_type __type)
        -:  877:      {
    #####:  878:	_Spec<_CharT> __spec{};
    #####:  879:	__spec._M_type = __type;
        -:  880:
    #####:  881:	const auto __last = __pc.end();
    %%%%%:  881-block  0
call    0 never executed
    #####:  882:	auto __first = __pc.begin();
call    0 never executed
        -:  883:
function std::__format::__formatter_int<char>::_M_do_parse(std::basic_format_parse_context<char>&, std::__format::_Pres_type)::{lambda()#1}::operator()() const called 0 returned 0% blocks executed 0%
    #####:  884:	auto __finalize = [this, &__spec] {
    #####:  885:	  _M_spec = __spec;
        -:  886:	};
        -:  887:
function std::__format::__formatter_int<char>::_M_do_parse(std::basic_format_parse_context<char>&, std::__format::_Pres_type)::{lambda()#2}::operator()() const called 0 returned 0% blocks executed 0%
    #####:  888:	auto __finished = [&] {
    #####:  889:	  if (__first == __last || *__first == '}')
    %%%%%:  889-block  0
branch  0 never executed (fallthrough)
branch  1 never executed
    %%%%%:  889-block  1
branch  2 never executed (fallthrough)
branch  3 never executed
        -:  890:	    {
    #####:  891:	      __finalize();
    %%%%%:  891-block  0
call    0 never executed
    #####:  892:	      return true;
        -:  893:	    }
    #####:  894:	  return false;
    %%%%%:  894-block  0
        -:  895:	};
        -:  896:
    #####:  897:	if (__finished())
call    0 never executed
branch  1 never executed (fallthrough)
branch  2 never executed
    #####:  898:	  return __first;
    %%%%%:  898-block  0
        -:  899:
    #####:  900:	__first = __spec._M_parse_fill_and_align(__first, __last);
    %%%%%:  900-block  0
call    0 never executed
    #####:  901:	if (__finished())
call    0 never executed
branch  1 never executed (fallthrough)
branch  2 never executed
    #####:  902:	  return __first;
    %%%%%:  902-block  0
        -:  903:
    #####:  904:	__first = __spec._M_parse_sign(__first, __last);
    %%%%%:  904-block  0
call    0 never executed
    #####:  905:	if (__finished())
call    0 never executed
branch  1 never executed (fallthrough)
branch  2 never executed
    #####:  906:	  return __first;
    %%%%%:  906-block  0
        -:  907:
    #####:  908:	__first = __spec._M_parse_alternate_form(__first, __last);
    %%%%%:  908-block  0
call    0 never executed
    #####:  909:	if (__finished())
call    0 never executed
branch  1 never executed (fallthrough)
branch  2 never executed
    #####:  910:	  return __first;
    %%%%%:  910-block  0
        -:  911:
    #####:  912:	__first = __spec._M_parse_zero_fill(__first, __last);
    %%%%%:  912-block  0
call    0 never executed
    #####:  913:	if (__finished())
call    0 never executed
branch  1 never executed (fallthrough)
branch  2 never executed
    #####:  914:	  return __first;
    %%%%%:  914-block  0
        -:  915:
    #####:  916:	__first = __spec._M_parse_width(__first, __last, __pc);
    %%%%%:  916-block  0
call    0 never executed
branch  1 never executed (fallthrough)
branch  2 never executed (throw)
    #####:  917:	if (__finished())
    %%%%%:  917-block  0
call    0 never executed
branch  1 never executed (fallthrough)
branch  2 never executed
    #####:  918:	  return __first;
    %%%%%:  918-block  0
        -:  919:
    #####:  920:	__first = __spec._M_parse_locale(__first, __last);
    %%%%%:  920-block  0
call    0 never executed
    #####:  921:	if (__finished())
call    0 never executed
branch  1 never executed (fallthrough)
branch  2 never executed
    #####:  922:	  return __first;
    %%%%%:  922-block  0
        -:  923:
    #####:  924:	switch (*__first)
    %%%%%:  924-block  0
branch  0 never executed
branch  1 never executed
branch  2 never executed
branch  3 never executed
branch  4 never executed
branch  5 never executed
branch  6 never executed
branch  7 never executed
branch  8 never executed
        -:  925:	{
    #####:  926:	  case 'b':
    #####:  927:	    __spec._M_type = _Pres_b;
    #####:  928:	    ++__first;
    #####:  929:	    break;
    %%%%%:  929-block  0
    #####:  930:	  case 'B':
    #####:  931:	    __spec._M_type = _Pres_B;
    #####:  932:	    ++__first;
    #####:  933:	    break;
    %%%%%:  933-block  0
    #####:  934:	  case 'c':
        -:  935:	    // _GLIBCXX_RESOLVE_LIB_DEFECTS
        -:  936:	    // 3586. format should not print bool with 'c'
    #####:  937:	    if (__type != _AsBool)
    %%%%%:  937-block  0
branch  0 never executed (fallthrough)
branch  1 never executed
        -:  938:	      {
    #####:  939:		__spec._M_type = _Pres_c;
    #####:  940:		++__first;
    %%%%%:  940-block  0
        -:  941:	      }
    #####:  942:	    break;
    %%%%%:  942-block  0
    #####:  943:	  case 'd':
    #####:  944:	    __spec._M_type = _Pres_d;
    #####:  945:	    ++__first;
    #####:  946:	    break;
    %%%%%:  946-block  0
    #####:  947:	  case 'o':
    #####:  948:	    __spec._M_type = _Pres_o;
    #####:  949:	    ++__first;
    #####:  950:	    break;
    %%%%%:  950-block  0
    #####:  951:	  case 'x':
    #####:  952:	    __spec._M_type = _Pres_x;
    #####:  953:	    ++__first;
    #####:  954:	    break;
    %%%%%:  954-block  0
    #####:  955:	  case 'X':
    #####:  956:	    __spec._M_type = _Pres_X;
    #####:  957:	    ++__first;
    #####:  958:	    break;
    %%%%%:  958-block  0
    #####:  959:	  case 's':
    #####:  960:	    if (__type == _AsBool)
    %%%%%:  960-block  0
branch  0 never executed (fallthrough)
branch  1 never executed
        -:  961:	      {
    #####:  962:		__spec._M_type = _Pres_s; // same value (and meaning) as "none"
    #####:  963:		++__first;
    %%%%%:  963-block  0
        -:  964:	      }
    #####:  965:	    break;
    %%%%%:  965-block  0
        -:  966:#if __cpp_lib_format_ranges
        -:  967:	  case '?':
        -:  968:	    if (__type == _AsChar)
        -:  969:	      {
        -:  970:		__spec._M_type = _Pres_esc;
        -:  971:		++__first;
        -:  972:	      }
        -:  973:#endif
        -:  974:	    break;
        -:  975:	  }
        -:  976:
    #####:  977:	if (__finished())
    %%%%%:  977-block  0
call    0 never executed
branch  1 never executed (fallthrough)
branch  2 never executed
    #####:  978:	  return __first;
    %%%%%:  978-block  0
        -:  979:
    #####:  980:	__format::__failed_to_parse_format_spec();
    %%%%%:  980-block  0
call    0 never executed
        -:  981:      }
        -:  982:
        -:  983:      template<typename _Tp>
        -:  984:	constexpr typename basic_format_parse_context<_CharT>::iterator
    #####:  985:	_M_parse(basic_format_parse_context<_CharT>& __pc)
        -:  986:	{
        -:  987:	  if constexpr (is_same_v<_Tp, bool>)
        -:  988:	    {
    #####:  989:	      auto __end = _M_do_parse(__pc, _AsBool);
    #####:  990:	      if (_M_spec._M_type == _Pres_s)
    #####:  991:		if (_M_spec._M_sign || _M_spec._M_alt || _M_spec._M_zero_fill)
    #####:  992:		  __throw_format_error("format error: format-spec contains "
        -:  993:				       "invalid formatting options for "
        -:  994:				       "'bool'");
    #####:  995:	      return __end;
        -:  996:	    }
        -:  997:	  else if constexpr (__char<_Tp>)
        -:  998:	    {
    #####:  999:	      auto __end = _M_do_parse(__pc, _AsChar);
    #####: 1000:	      if (_M_spec._M_type == _Pres_c || _M_spec._M_type == _Pres_esc)
    #####: 1001:		if (_M_spec._M_sign || _M_spec._M_alt || _M_spec._M_zero_fill
        -: 1002:		      /* XXX should be invalid? || _M_spec._M_localized */)
    #####: 1003:		  __throw_format_error("format error: format-spec contains "
        -: 1004:				       "invalid formatting options for "
        -: 1005:				       "'charT'");
    #####: 1006:	      return __end;
        -: 1007:	    }
        -: 1008:	  else
    #####: 1009:	    return _M_do_parse(__pc, _AsInteger);
        -: 1010:	}
------------------
char const* std::__format::__formatter_int<char>::_M_parse<unsigned __int128>(std::basic_format_parse_context<char>&):
function char const* std::__format::__formatter_int<char>::_M_parse<unsigned __int128>(std::basic_format_parse_context<char>&) called 0 returned 0% blocks executed 0%
    #####:  985:	_M_parse(basic_format_parse_context<_CharT>& __pc)
        -:  986:	{
        -:  987:	  if constexpr (is_same_v<_Tp, bool>)
        -:  988:	    {
        -:  989:	      auto __end = _M_do_parse(__pc, _AsBool);
        -:  990:	      if (_M_spec._M_type == _Pres_s)
        -:  991:		if (_M_spec._M_sign || _M_spec._M_alt || _M_spec._M_zero_fill)
        -:  992:		  __throw_format_error("format error: format-spec contains "
        -:  993:				       "invalid formatting options for "
        -:  994:				       "'bool'");
        -:  995:	      return __end;
        -:  996:	    }
        -:  997:	  else if constexpr (__char<_Tp>)
        -:  998:	    {
        -:  999:	      auto __end = _M_do_parse(__pc, _AsChar);
        -: 1000:	      if (_M_spec._M_type == _Pres_c || _M_spec._M_type == _Pres_esc)
        -: 1001:		if (_M_spec._M_sign || _M_spec._M_alt || _M_spec._M_zero_fill
        -: 1002:		      /* XXX should be invalid? || _M_spec._M_localized */)
        -: 1003:		  __throw_format_error("format error: format-spec contains "
        -: 1004:				       "invalid formatting options for "
        -: 1005:				       "'charT'");
        -: 1006:	      return __end;
        -: 1007:	    }
        -: 1008:	  else
    #####: 1009:	    return _M_do_parse(__pc, _AsInteger);
    %%%%%: 1009-block  0
call    0 never executed
        -: 1010:	}
------------------
char const* std::__format::__formatter_int<char>::_M_parse<__int128>(std::basic_format_parse_context<char>&):
function char const* std::__format::__formatter_int<char>::_M_parse<__int128>(std::basic_format_parse_context<char>&) called 0 returned 0% blocks executed 0%
    #####:  985:	_M_parse(basic_format_parse_context<_CharT>& __pc)
        -:  986:	{
        -:  987:	  if constexpr (is_same_v<_Tp, bool>)
        -:  988:	    {
        -:  989:	      auto __end = _M_do_parse(__pc, _AsBool);
        -:  990:	      if (_M_spec._M_type == _Pres_s)
        -:  991:		if (_M_spec._M_sign || _M_spec._M_alt || _M_spec._M_zero_fill)
        -:  992:		  __throw_format_error("format error: format-spec contains "
        -:  993:				       "invalid formatting options for "
        -:  994:				       "'bool'");
        -:  995:	      return __end;
        -:  996:	    }
        -:  997:	  else if constexpr (__char<_Tp>)
        -:  998:	    {
        -:  999:	      auto __end = _M_do_parse(__pc, _AsChar);
        -: 1000:	      if (_M_spec._M_type == _Pres_c || _M_spec._M_type == _Pres_esc)
        -: 1001:		if (_M_spec._M_sign || _M_spec._M_alt || _M_spec._M_zero_fill
        -: 1002:		      /* XXX should be invalid? || _M_spec._M_localized */)
        -: 1003:		  __throw_format_error("format error: format-spec contains "
        -: 1004:				       "invalid formatting options for "
        -: 1005:				       "'charT'");
        -: 1006:	      return __end;
        -: 1007:	    }
        -: 1008:	  else
    #####: 1009:	    return _M_do_parse(__pc, _AsInteger);
    %%%%%: 1009-block  0
call    0 never executed
        -: 1010:	}
------------------
char const* std::__format::__formatter_int<char>::_M_parse<unsigned long long>(std::basic_format_parse_context<char>&):
function char const* std::__format::__formatter_int<char>::_M_parse<unsigned long long>(std::basic_format_parse_context<char>&) called 0 returned 0% blocks executed 0%
    #####:  985:	_M_parse(basic_format_parse_context<_CharT>& __pc)
        -:  986:	{
        -:  987:	  if constexpr (is_same_v<_Tp, bool>)
        -:  988:	    {
        -:  989:	      auto __end = _M_do_parse(__pc, _AsBool);
        -:  990:	      if (_M_spec._M_type == _Pres_s)
        -:  991:		if (_M_spec._M_sign || _M_spec._M_alt || _M_spec._M_zero_fill)
        -:  992:		  __throw_format_error("format error: format-spec contains "
        -:  993:				       "invalid formatting options for "
        -:  994:				       "'bool'");
        -:  995:	      return __end;
        -:  996:	    }
        -:  997:	  else if constexpr (__char<_Tp>)
        -:  998:	    {
        -:  999:	      auto __end = _M_do_parse(__pc, _AsChar);
        -: 1000:	      if (_M_spec._M_type == _Pres_c || _M_spec._M_type == _Pres_esc)
        -: 1001:		if (_M_spec._M_sign || _M_spec._M_alt || _M_spec._M_zero_fill
        -: 1002:		      /* XXX should be invalid? || _M_spec._M_localized */)
        -: 1003:		  __throw_format_error("format error: format-spec contains "
        -: 1004:				       "invalid formatting options for "
        -: 1005:				       "'charT'");
        -: 1006:	      return __end;
        -: 1007:	    }
        -: 1008:	  else
    #####: 1009:	    return _M_do_parse(__pc, _AsInteger);
    %%%%%: 1009-block  0
call    0 never executed
        -: 1010:	}
------------------
char const* std::__format::__formatter_int<char>::_M_parse<long long>(std::basic_format_parse_context<char>&):
function char const* std::__format::__formatter_int<char>::_M_parse<long long>(std::basic_format_parse_context<char>&) called 0 returned 0% blocks executed 0%
    #####:  985:	_M_parse(basic_format_parse_context<_CharT>& __pc)
        -:  986:	{
        -:  987:	  if constexpr (is_same_v<_Tp, bool>)
        -:  988:	    {
        -:  989:	      auto __end = _M_do_parse(__pc, _AsBool);
        -:  990:	      if (_M_spec._M_type == _Pres_s)
        -:  991:		if (_M_spec._M_sign || _M_spec._M_alt || _M_spec._M_zero_fill)
        -:  992:		  __throw_format_error("format error: format-spec contains "
        -:  993:				       "invalid formatting options for "
        -:  994:				       "'bool'");
        -:  995:	      return __end;
        -:  996:	    }
        -:  997:	  else if constexpr (__char<_Tp>)
        -:  998:	    {
        -:  999:	      auto __end = _M_do_parse(__pc, _AsChar);
        -: 1000:	      if (_M_spec._M_type == _Pres_c || _M_spec._M_type == _Pres_esc)
        -: 1001:		if (_M_spec._M_sign || _M_spec._M_alt || _M_spec._M_zero_fill
[...]
    #####: 3625:	return __ctx.out();
    %%%%%: 3625-block  0
call    0 never executed
    %%%%%: 3625-block  1
        -: 3626:      else
        -: 3627:	return std::move(__sink)._M_finish().out;
    #####: 3628:    }
call    0 never executed
    $$$$$: 3628-block  0
call    1 never executed
        -: 3629:
        -: 3630:} // namespace __format
        -: 3631:/// @endcond
        -: 3632:
        -: 3633:  template<typename _CharT, typename... _Args>
        -: 3634:    template<typename _Tp>
        -: 3635:      requires convertible_to<const _Tp&, basic_string_view<_CharT>>
        -: 3636:      consteval
        -: 3637:      basic_format_string<_CharT, _Args...>::
        -: 3638:      basic_format_string(const _Tp& __s)
        -: 3639:      : _M_str(__s)
        -: 3640:      {
        -: 3641:	__format::_Checking_scanner<_CharT, remove_cvref_t<_Args>...>
        -: 3642:	  __scanner(_M_str);
        -: 3643:	__scanner._M_scan();
        -: 3644:      }
        -: 3645:
        -: 3646:  // [format.functions], formatting functions
        -: 3647:
        -: 3648:  template<typename _Out> requires output_iterator<_Out, const char&>
        -: 3649:    [[__gnu__::__always_inline__]]
        -: 3650:    inline _Out
        -: 3651:    vformat_to(_Out __out, string_view __fmt, format_args __args)
    #####: 3652:    { return __format::__do_vformat_to(std::move(__out), __fmt, __args); }
    %%%%%: 3652-block  0
call    0 never executed
call    1 never executed
branch  2 never executed (fallthrough)
branch  3 never executed (throw)
    %%%%%: 3652-block  1
        -: 3653:
        -: 3654:  template<typename _Out> requires output_iterator<_Out, const wchar_t&>
        -: 3655:    [[__gnu__::__always_inline__]]
        -: 3656:    inline _Out
        -: 3657:    vformat_to(_Out __out, wstring_view __fmt, wformat_args __args)
        -: 3658:    { return __format::__do_vformat_to(std::move(__out), __fmt, __args); }
        -: 3659:
        -: 3660:  template<typename _Out> requires output_iterator<_Out, const char&>
        -: 3661:    [[__gnu__::__always_inline__]]
        -: 3662:    inline _Out
        -: 3663:    vformat_to(_Out __out, const locale& __loc, string_view __fmt,
        -: 3664:	       format_args __args)
        -: 3665:    { return __format::__do_vformat_to(std::move(__out), __fmt, __args, &__loc); }
        -: 3666:
        -: 3667:  template<typename _Out> requires output_iterator<_Out, const wchar_t&>
        -: 3668:    [[__gnu__::__always_inline__]]
        -: 3669:    inline _Out
        -: 3670:    vformat_to(_Out __out, const locale& __loc, wstring_view __fmt,
        -: 3671:	       wformat_args __args)
        -: 3672:    { return __format::__do_vformat_to(std::move(__out), __fmt, __args, &__loc); }
        -: 3673:
        -: 3674:  [[nodiscard]]
        -: 3675:  inline string
function std::vformat[abi:cxx11](std::basic_string_view<char, std::char_traits<char> >, std::basic_format_args<std::basic_format_context<std::__format::_Sink_iter<char>, char> >) called 0 returned 0% blocks executed 0%
    #####: 3676:  vformat(string_view __fmt, format_args __args)
    %%%%%: 3676-block  0
call    0 never executed
        -: 3677:  {
        -: 3678:    __format::_Str_sink<char> __buf;
    #####: 3679:    std::vformat_to(__buf.out(), __fmt, __args);
    #####: 3680:    return std::move(__buf).get();
    %%%%%: 3680-block  0
call    0 never executed
call    1 never executed
branch  2 never executed (fallthrough)
branch  3 never executed (throw)
    %%%%%: 3680-block  1
    %%%%%: 3680-block  2
    #####: 3681:  }
    %%%%%: 3681-block  0
call    0 never executed
    $$$$$: 3681-block  1
call    1 never executed
        -: 3682:
        -: 3683:  [[nodiscard]]
        -: 3684:  inline wstring
        -: 3685:  vformat(wstring_view __fmt, wformat_args __args)
        -: 3686:  {
        -: 3687:    __format::_Str_sink<wchar_t> __buf;
        -: 3688:    std::vformat_to(__buf.out(), __fmt, __args);
        -: 3689:    return std::move(__buf).get();
        -: 3690:  }
        -: 3691:
        -: 3692:  [[nodiscard]]
        -: 3693:  inline string
        -: 3694:  vformat(const locale& __loc, string_view __fmt, format_args __args)
        -: 3695:  {
        -: 3696:    __format::_Str_sink<char> __buf;
        -: 3697:    std::vformat_to(__buf.out(), __loc, __fmt, __args);
        -: 3698:    return std::move(__buf).get();
        -: 3699:  }
        -: 3700:
        -: 3701:  [[nodiscard]]
        -: 3702:  inline wstring
        -: 3703:  vformat(const locale& __loc, wstring_view __fmt, wformat_args __args)
        -: 3704:  {
        -: 3705:    __format::_Str_sink<wchar_t> __buf;
        -: 3706:    std::vformat_to(__buf.out(), __loc, __fmt, __args);
        -: 3707:    return std::move(__buf).get();
        -: 3708:  }
        -: 3709:
        -: 3710:  template<typename... _Args>
        -: 3711:    [[nodiscard]]
        -: 3712:    inline string
    #####: 3713:    format(format_string<_Args...> __fmt, _Args&&... __args)
    #####: 3714:    { return std::vformat(__fmt.get(), std::make_format_args(__args...)); }
------------------
std::__cxx11::basic_string<char, std::char_traits<char>, std::allocator<char> > std::format<int const&>(std::basic_format_string<char, std::type_identity<int const&>::type>, int const&):
function std::__cxx11::basic_string<char, std::char_traits<char>, std::allocator<char> > std::format<int const&>(std::basic_format_string<char, std::type_identity<int const&>::type>, int const&) called 0 returned 0% blocks executed 0%
    #####: 3713:    format(format_string<_Args...> __fmt, _Args&&... __args)
    %%%%%: 3713-block  0
call    0 never executed
    #####: 3714:    { return std::vformat(__fmt.get(), std::make_format_args(__args...)); }
    %%%%%: 3714-block  0
call    0 never executed
    %%%%%: 3714-block  1
call    1 never executed
branch  2 never executed (fallthrough)
branch  3 never executed (throw)
    %%%%%: 3714-block  2
    %%%%%: 3714-block  3
    %%%%%: 3714-block  4
    $$$$$: 3714-block  5
------------------
std::__cxx11::basic_string<char, std::char_traits<char>, std::allocator<char> > std::format<int&>(std::basic_format_string<char, std::type_identity<int&>::type>, int&):
function std::__cxx11::basic_string<char, std::char_traits<char>, std::allocator<char> > std::format<int&>(std::basic_format_string<char, std::type_identity<int&>::type>, int&) called 0 returned 0% blocks executed 0%
    #####: 3713:    format(format_string<_Args...> __fmt, _Args&&... __args)
    %%%%%: 3713-block  0
call    0 never executed
    #####: 3714:    { return std::vformat(__fmt.get(), std::make_format_args(__args...)); }
    %%%%%: 3714-block  0
call    0 never executed
    %%%%%: 3714-block  1
call    1 never executed
branch  2 never executed (fallthrough)
branch  3 never executed (throw)
    %%%%%: 3714-block  2
    %%%%%: 3714-block  3
    %%%%%: 3714-block  4
    $$$$$: 3714-block  5
------------------
        -: 3715:
        -: 3716:  template<typename... _Args>
        -: 3717:    [[nodiscard]]
        -: 3718:    inline wstring
        -: 3719:    format(wformat_string<_Args...> __fmt, _Args&&... __args)
        -: 3720:    { return std::vformat(__fmt.get(), std::make_wformat_args(__args...)); }
        -: 3721:
        -: 3722:  template<typename... _Args>
        -: 3723:    [[nodiscard]]
        -: 3724:    inline string
        -: 3725:    format(const locale& __loc, format_string<_Args...> __fmt,
        -: 3726:	   _Args&&... __args)
        -: 3727:    {
        -: 3728:      return std::vformat(__loc, __fmt.get(),
        -: 3729:			  std::make_format_args(__args...));
        -: 3730:    }
        -: 3731:
        -: 3732:  template<typename... _Args>
        -: 3733:    [[nodiscard]]
        -: 3734:    inline wstring
        -: 3735:    format(const locale& __loc, wformat_string<_Args...> __fmt,
        -: 3736:	   _Args&&... __args)
        -: 3737:    {
        -: 3738:      return std::vformat(__loc, __fmt.get(),
        -: 3739:			  std::make_wformat_args(__args...));
        -: 3740:    }
        -: 3741:
        -: 3742:  template<typename _Out, typename... _Args>
        -: 3743:    requires output_iterator<_Out, const char&>
        -: 3744:    inline _Out
        -: 3745:    format_to(_Out __out, format_string<_Args...> __fmt, _Args&&... __args)
        -: 3746:    {
        -: 3747:      return std::vformat_to(std::move(__out), __fmt.get(),
        -: 3748:			     std::make_format_args(std::forward<_Args>(__args)...));
        -: 3749:    }
        -: 3750:
        -: 3751:  template<typename _Out, typename... _Args>
        -: 3752:    requires output_iterator<_Out, const wchar_t&>
        -: 3753:    inline _Out
        -: 3754:    format_to(_Out __out, wformat_string<_Args...> __fmt, _Args&&... __args)
        -: 3755:    {
        -: 3756:      return std::vformat_to(std::move(__out), __fmt.get(),
        -: 3757:			     std::make_wformat_args(std::forward<_Args>(__args)...));
        -: 3758:    }
        -: 3759:
        -: 3760:  template<typename _Out, typename... _Args>
        -: 3761:    requires output_iterator<_Out, const char&>
        -: 3762:    inline _Out
        -: 3763:    format_to(_Out __out, const locale& __loc, format_string<_Args...> __fmt,
        -: 3764:	      _Args&&... __args)
        -: 3765:    {
        -: 3766:      return std::vformat_to(std::move(__out), __loc, __fmt.get(),
        -: 3767:			     std::make_format_args(std::forward<_Args>(__args)...));
        -: 3768:    }
        -: 3769:
        -: 3770:  template<typename _Out, typename... _Args>
        -: 3771:    requires output_iterator<_Out, const wchar_t&>
        -: 3772:    inline _Out
        -: 3773:    format_to(_Out __out, const locale& __loc, wformat_string<_Args...> __fmt,
        -: 3774:	      _Args&&... __args)
        -: 3775:    {
        -: 3776:      return std::vformat_to(std::move(__out), __loc, __fmt.get(),
        -: 3777:			     std::make_wformat_args(std::forward<_Args>(__args)...));
        -: 3778:    }
        -: 3779:
        -: 3780:  template<typename _Out, typename... _Args>
        -: 3781:    requires output_iterator<_Out, const char&>
        -: 3782:    inline format_to_n_result<_Out>
        -: 3783:    format_to_n(_Out __out, iter_difference_t<_Out> __n,
        -: 3784:		format_string<_Args...> __fmt, _Args&&... __args)
        -: 3785:    {
        -: 3786:      __format::_Iter_sink<char, _Out> __sink(std::move(__out), __n);
        -: 3787:      std::vformat_to(__sink.out(), __fmt.get(),
        -: 3788:		      std::make_format_args(__args...));
        -: 3789:      return std::move(__sink)._M_finish();
        -: 3790:    }
        -: 3791:
        -: 3792:  template<typename _Out, typename... _Args>
        -: 3793:    requires output_iterator<_Out, const wchar_t&>
        -: 3794:    inline format_to_n_result<_Out>
        -: 3795:    format_to_n(_Out __out, iter_difference_t<_Out> __n,
        -: 3796:		wformat_string<_Args...> __fmt, _Args&&... __args)
        -: 3797:    {
        -: 3798:      __format::_Iter_sink<wchar_t, _Out> __sink(std::move(__out), __n);
        -: 3799:      std::vformat_to(__sink.out(), __fmt.get(),
        -: 3800:		      std::make_wformat_args(__args...));
        -: 3801:      return std::move(__sink)._M_finish();
        -: 3802:    }
        -: 3803:
        -: 3804:  template<typename _Out, typename... _Args>
        -: 3805:    requires output_iterator<_Out, const char&>
        -: 3806:    inline format_to_n_result<_Out>
        -: 3807:    format_to_n(_Out __out, iter_difference_t<_Out> __n, const locale& __loc,
        -: 3808:		format_string<_Args...> __fmt, _Args&&... __args)
        -: 3809:    {
        -: 3810:      __format::_Iter_sink<char, _Out> __sink(std::move(__out), __n);
        -: 3811:      std::vformat_to(__sink.out(), __loc, __fmt.get(),
        -: 3812:		      std::make_format_args(__args...));
        -: 3813:      return std::move(__sink)._M_finish();
        -: 3814:    }
        -: 3815:
        -: 3816:  template<typename _Out, typename... _Args>
        -: 3817:    requires output_iterator<_Out, const wchar_t&>
        -: 3818:    inline format_to_n_result<_Out>
        -: 3819:    format_to_n(_Out __out, iter_difference_t<_Out> __n, const locale& __loc,
        -: 3820:		wformat_string<_Args...> __fmt, _Args&&... __args)
        -: 3821:    {
        -: 3822:      __format::_Iter_sink<wchar_t, _Out> __sink(std::move(__out), __n);
        -: 3823:      std::vformat_to(__sink.out(), __loc, __fmt.get(),
        -: 3824:		      std::make_wformat_args(__args...));
        -: 3825:      return std::move(__sink)._M_finish();
        -: 3826:    }
        -: 3827:
        -: 3828:/// @cond undocumented
        -: 3829:namespace __format
        -: 3830:{
        -: 3831:#if 1
        -: 3832:  template<typename _CharT>
        -: 3833:    class _Counting_sink : public _Iter_sink<_CharT, _CharT*>
        -: 3834:    {
        -: 3835:    public:
        -: 3836:      _Counting_sink() : _Iter_sink<_CharT, _CharT*>(nullptr, 0) { }
        -: 3837:
        -: 3838:      [[__gnu__::__always_inline__]]
        -: 3839:      size_t
        -: 3840:      count()
        -: 3841:      {
        -: 3842:	_Counting_sink::_M_overflow();
        -: 3843:	return this->_M_count;
        -: 3844:      }
        -: 3845:    };
        -: 3846:#else
        -: 3847:  template<typename _CharT>
        -: 3848:    class _Counting_sink : public _Buf_sink<_CharT>
        -: 3849:    {
        -: 3850:      size_t _M_count = 0;
        -: 3851:
        -: 3852:      void
        -: 3853:      _M_overflow() override
        -: 3854:      {
        -: 3855:	if (!std::is_constant_evaluated())
        -: 3856:	  _M_count += this->_M_used().size();
        -: 3857:	this->_M_rewind();
        -: 3858:      }
        -: 3859:
        -: 3860:    public:
        -: 3861:      _Counting_sink() = default;
        -: 3862:
        -: 3863:      [[__gnu__::__always_inline__]]
        -: 3864:      size_t
        -: 3865:      count() noexcept
        -: 3866:      {
        -: 3867:	_Counting_sink::_M_overflow();
        -: 3868:	return _M_count;
        -: 3869:      }
        -: 3870:    };
        -: 3871:#endif
        -: 3872:} // namespace __format
        -: 3873:/// @@endcond
        -: 3874:
        -: 3875:  template<typename... _Args>
        -: 3876:    [[nodiscard]]
        -: 3877:    inline size_t
        -: 3878:    formatted_size(format_string<_Args...> __fmt, _Args&&... __args)
        -: 3879:    {
        -: 3880:      __format::_Counting_sink<char> __buf;
        -: 3881:      std::vformat_to(__buf.out(), __fmt.get(),
        -: 3882:		      std::make_format_args(std::forward<_Args>(__args)...));
        -: 3883:      return __buf.count();
        -: 3884:    }
        -: 3885:
        -: 3886:  template<typename... _Args>
        -: 3887:    [[nodiscard]]
        -: 3888:    inline size_t
        -: 3889:    formatted_size(wformat_string<_Args...> __fmt, _Args&&... __args)
        -: 3890:    {
        -: 3891:      __format::_Counting_sink<wchar_t> __buf;
        -: 3892:      std::vformat_to(__buf.out(), __fmt.get(),
        -: 3893:		      std::make_wformat_args(std::forward<_Args>(__args)...));
        -: 3894:      return __buf.count();
        -: 3895:    }
        -: 3896:
        -: 3897:  template<typename... _Args>
        -: 3898:    [[nodiscard]]
        -: 3899:    inline size_t
        -: 3900:    formatted_size(const locale& __loc, format_string<_Args...> __fmt,
        -: 3901:		   _Args&&... __args)
        -: 3902:    {
        -: 3903:      __format::_Counting_sink<char> __buf;
        -: 3904:      std::vformat_to(__buf.out(), __loc, __fmt.get(),
        -: 3905:		      std::make_format_args(std::forward<_Args>(__args)...));
        -: 3906:      return __buf.count();
        -: 3907:    }
        -: 3908:
        -: 3909:  template<typename... _Args>
        -: 3910:    [[nodiscard]]
        -: 3911:    inline size_t
        -: 3912:    formatted_size(const locale& __loc, wformat_string<_Args...> __fmt,
        -: 3913:		   _Args&&... __args)
        -: 3914:    {
        -: 3915:      __format::_Counting_sink<wchar_t> __buf;
        -: 3916:      std::vformat_to(__buf.out(), __loc, __fmt.get(),
        -: 3917:		      std::make_wformat_args(std::forward<_Args>(__args)...));
        -: 3918:      return __buf.count();
        -: 3919:    }
        -: 3920:
        -: 3921:#if __cpp_lib_format_ranges
        -: 3922:  // [format.range], formatting of ranges
        -: 3923:  // [format.range.fmtkind], variable template format_kind
        -: 3924:  enum class range_format {
        -: 3925:    disabled,
        -: 3926:    map,
        -: 3927:    set,
        -: 3928:    sequence,
        -: 3929:    string,
        -: 3930:    debug_string
        -: 3931:  };
        -: 3932:
        -: 3933:  /// @cond undocumented
        -: 3934:  template<typename _Rg>
        -: 3935:    constexpr auto format_kind = not defined(format_kind<_Rg>);
        -: 3936:
        -: 3937:  template<typename _Tp>
        -: 3938:    consteval range_format
        -: 3939:    __fmt_kind()
        -: 3940:    {
        -: 3941:      using _Ref = ranges::range_reference_t<_Tp>;
        -: 3942:      if constexpr (is_same_v<remove_cvref_t<_Ref>, _Tp>)
        -: 3943:	return range_format::disabled;
        -: 3944:      else if constexpr (requires { typename _Tp::key_type; })
        -: 3945:	{
        -: 3946:	  if constexpr (requires { typename _Tp::mapped_type; })
        -: 3947:	    {
        -: 3948:	      using _Up = remove_cvref_t<_Ref>;
        -: 3949:	      if constexpr (__is_pair<_Up>)
        -: 3950:		return range_format::map;
        -: 3951:	      else if constexpr (__is_specialization_of<_Up, tuple>)
        -: 3952:		if constexpr (tuple_size_v<_Up> == 2)
        -: 3953:		  return range_format::map;
        -: 3954:	    }
        -: 3955:	  return range_format::set;
        -: 3956:	}
        -: 3957:      else
        -: 3958:	return range_format::sequence;
        -: 3959:    }
        -: 3960:  /// @endcond
        -: 3961:
        -: 3962:  /// A constant determining how a range should be formatted.
        -: 3963:  template<ranges::input_range _Rg> requires same_as<_Rg, remove_cvref_t<_Rg>>
        -: 3964:    constexpr range_format format_kind<_Rg> = __fmt_kind<_Rg>();
        -: 3965:
        -: 3966:  // [format.range.formatter], class template range_formatter
        -: 3967:  template<typename _Tp, typename _CharT = char>
        -: 3968:    requires same_as<remove_cvref_t<_Tp>, _Tp> && formattable<_Tp, _CharT>
        -: 3969:    class range_formatter; // TODO
        -: 3970:
        -: 3971:/// @cond undocumented
        -: 3972:namespace __format
        -: 3973:{
        -: 3974:  // [format.range.fmtdef], class template range-default-formatter
        -: 3975:  template<range_format _Kind, ranges::input_range _Rg, typename _CharT>
        -: 3976:    struct __range_default_formatter; // TODO
        -: 3977:} // namespace __format
        -: 3978:/// @endcond
        -: 3979:
        -: 3980:  // [format.range.fmtmap], [format.range.fmtset], [format.range.fmtstr],
        -: 3981:  // specializations for maps, sets, and strings
        -: 3982:  template<ranges::input_range _Rg, typename _CharT>
        -: 3983:    requires (format_kind<_Rg> != range_format::disabled)
        -: 3984:      && formattable<ranges::range_reference_t<_Rg>, _CharT>
        -: 3985:    struct formatter<_Rg, _CharT>
        -: 3986:    : __format::__range_default_formatter<format_kind<_Rg>, _Rg, _CharT>
        -: 3987:    { };
        -: 3988:#endif // C++23 formatting ranges
        -: 3989:
        -: 3990:_GLIBCXX_END_NAMESPACE_VERSION
        -: 3991:} // namespace std
        -: 3992:#endif // C++20
        -: 3993:#endif // _GLIBCXX_FORMAT
